<!DOCTYPE html PUBLIC "-//W3C//DTD XHTML 1.1//EN" "https://www.w3.org/TR/xhtml11/DTD/xhtml11.dtd">
<html xmlns="https://www.w3.org/1999/xhtml">
<head>
<meta http-equiv="content-type" content="text/html; charset=UTF-8"/>
<title>TestNG Report</title>
<style type="text/css">table {margin-bottom:10px;border-collapse:collapse;empty-cells:show}th,td {border:1px solid #009;padding:.25em .5em}th {vertical-align:bottom}td {vertical-align:top}table a {font-weight:bold}.stripe td {background-color: #E6EBF9}.num {text-align:right}.passedodd td {background-color: #3F3}.passedeven td {background-color: #0A0}.skippedodd td {background-color: #DDD}.skippedeven td {background-color: #CCC}.failedodd td,.attn {background-color: #F33}.failedeven td,.stripe .attn {background-color: #D00}.stacktrace {white-space:pre;font-family:monospace}.totop {font-size:85%;text-align:center;border-bottom:2px solid #000}.invisible {display:none}</style>
</head>
<body>
<table>
<tr><th>Test</th><th># Passed</th><th># Skipped</th><th># Retried</th><th># Failed</th><th>Time (ms)</th><th>Included Groups</th><th>Excluded Groups</th></tr>
<tr><th colspan="8">Default suite</th></tr>
<tr><td><a href="#t0">Default test</a></td><td class="num">57</td><td class="num">0</td><td class="num">0</td><td class="num attn">4</td><td class="num">179,864</td><td></td><td></td></tr>
</table>
<table id='summary'><thead><tr><th>Class</th><th>Method</th><th>Start</th><th>Time (ms)</th></tr></thead><tbody><tr><th colspan="4">Default suite</th></tr></tbody><tbody id="t0"><tr><th colspan="4">Default test &#8212; failed</th></tr><tr class="failedeven"><td rowspan="4">testBase.Login_Page_test</td><td><a href="#m0">CredentialUserNameAndPassword</a></td><td rowspan="1">1746779672522</td><td rowspan="1">15087</td></tr><tr class="failedeven"><td><a href="#m1">loginTest010</a></td><td rowspan="1">1746779655371</td><td rowspan="1">2048</td></tr><tr class="failedeven"><td><a href="#m2">logoTest005</a></td><td rowspan="1">1746779536358</td><td rowspan="1">612</td></tr><tr class="failedeven"><td><a href="#m3">notCredentialUserNameAndPassword</a></td><td rowspan="1">1746779657433</td><td rowspan="1">15077</td></tr><tr><th colspan="4">Default test &#8212; passed</th></tr><tr class="passedeven"><td rowspan="57">testBase.Login_Page_test</td><td><a href="#m4">forgetpasscancelTest008</a></td><td rowspan="1">1746779537738</td><td rowspan="1">1172</td></tr><tr class="passedeven"><td><a href="#m5">forgetpasssentest009</a></td><td rowspan="1">1746779538916</td><td rowspan="1">2695</td></tr><tr class="passedeven"><td><a href="#m6">forgetpasstest007</a></td><td rowspan="1">1746779537012</td><td rowspan="1">718</td></tr><tr class="passedeven"><td><a href="#m7">loginTest001</a></td><td rowspan="1">1746779528533</td><td rowspan="1">2362</td></tr><tr class="passedeven"><td><a href="#m8">loginTest002</a></td><td rowspan="1">1746779530957</td><td rowspan="1">3010</td></tr><tr class="passedeven"><td><a href="#m9">loginTest003</a></td><td rowspan="1">1746779533985</td><td rowspan="1">756</td></tr><tr class="passedeven"><td><a href="#m10">loginTest010</a></td><td rowspan="50">1746779624482</td><td rowspan="50">8615</td></tr><tr class="passedeven"><td><a href="#m11">loginTest010</a></td></tr><tr class="passedeven"><td><a href="#m12">loginTest010</a></td></tr><tr class="passedeven"><td><a href="#m13">loginTest010</a></td></tr><tr class="passedeven"><td><a href="#m14">loginTest010</a></td></tr><tr class="passedeven"><td><a href="#m15">loginTest010</a></td></tr><tr class="passedeven"><td><a href="#m16">loginTest010</a></td></tr><tr class="passedeven"><td><a href="#m17">loginTest010</a></td></tr><tr class="passedeven"><td><a href="#m18">loginTest010</a></td></tr><tr class="passedeven"><td><a href="#m19">loginTest010</a></td></tr><tr class="passedeven"><td><a href="#m20">loginTest010</a></td></tr><tr class="passedeven"><td><a href="#m21">loginTest010</a></td></tr><tr class="passedeven"><td><a href="#m22">loginTest010</a></td></tr><tr class="passedeven"><td><a href="#m23">loginTest010</a></td></tr><tr class="passedeven"><td><a href="#m24">loginTest010</a></td></tr><tr class="passedeven"><td><a href="#m25">loginTest010</a></td></tr><tr class="passedeven"><td><a href="#m26">loginTest010</a></td></tr><tr class="passedeven"><td><a href="#m27">loginTest010</a></td></tr><tr class="passedeven"><td><a href="#m28">loginTest010</a></td></tr><tr class="passedeven"><td><a href="#m29">loginTest010</a></td></tr><tr class="passedeven"><td><a href="#m30">loginTest010</a></td></tr><tr class="passedeven"><td><a href="#m31">loginTest010</a></td></tr><tr class="passedeven"><td><a href="#m32">loginTest010</a></td></tr><tr class="passedeven"><td><a href="#m33">loginTest010</a></td></tr><tr class="passedeven"><td><a href="#m34">loginTest010</a></td></tr><tr class="passedeven"><td><a href="#m35">loginTest010</a></td></tr><tr class="passedeven"><td><a href="#m36">loginTest010</a></td></tr><tr class="passedeven"><td><a href="#m37">loginTest010</a></td></tr><tr class="passedeven"><td><a href="#m38">loginTest010</a></td></tr><tr class="passedeven"><td><a href="#m39">loginTest010</a></td></tr><tr class="passedeven"><td><a href="#m40">loginTest010</a></td></tr><tr class="passedeven"><td><a href="#m41">loginTest010</a></td></tr><tr class="passedeven"><td><a href="#m42">loginTest010</a></td></tr><tr class="passedeven"><td><a href="#m43">loginTest010</a></td></tr><tr class="passedeven"><td><a href="#m44">loginTest010</a></td></tr><tr class="passedeven"><td><a href="#m45">loginTest010</a></td></tr><tr class="passedeven"><td><a href="#m46">loginTest010</a></td></tr><tr class="passedeven"><td><a href="#m47">loginTest010</a></td></tr><tr class="passedeven"><td><a href="#m48">loginTest010</a></td></tr><tr class="passedeven"><td><a href="#m49">loginTest010</a></td></tr><tr class="passedeven"><td><a href="#m50">loginTest010</a></td></tr><tr class="passedeven"><td><a href="#m51">loginTest010</a></td></tr><tr class="passedeven"><td><a href="#m52">loginTest010</a></td></tr><tr class="passedeven"><td><a href="#m53">loginTest010</a></td></tr><tr class="passedeven"><td><a href="#m54">loginTest010</a></td></tr><tr class="passedeven"><td><a href="#m55">loginTest010</a></td></tr><tr class="passedeven"><td><a href="#m56">loginTest010</a></td></tr><tr class="passedeven"><td><a href="#m57">loginTest010</a></td></tr><tr class="passedeven"><td><a href="#m58">loginTest010</a></td></tr><tr class="passedeven"><td><a href="#m59">loginTest010</a></td></tr><tr class="passedeven"><td><a href="#m60">loginTest1004</a></td><td rowspan="1">1746779534756</td><td rowspan="1">1590</td></tr></tbody>
</table>
<h2>Default test</h2><h3 id="m0">testBase.Login_Page_test#CredentialUserNameAndPassword</h3><table class="result"><tr><th>Exception</th></tr><tr><td><div class="stacktrace">org.openqa.selenium.NoSuchElementException: no such element: Unable to locate element: {&quot;method&quot;:&quot;css selector&quot;,&quot;selector&quot;:&quot;*[name=&apos;username&apos;]&quot;}
  (Session info: chrome=135.0.7049.117)
For documentation on this error, please visit: https://www.selenium.dev/documentation/webdriver/troubleshooting/errors#no-such-element-exception
Build info: version: &apos;4.22.0&apos;, revision: &apos;c5f3146703*&apos;
System info: os.name: &apos;Windows 10&apos;, os.arch: &apos;amd64&apos;, os.version: &apos;10.0&apos;, java.version: &apos;23.0.1&apos;
Driver info: org.openqa.selenium.chrome.ChromeDriver
Command: [be47d5ed5a8d9aebf31bc49f4eb059fd, findElement {using=name, value=username}]
Capabilities {acceptInsecureCerts: false, browserName: chrome, browserVersion: 135.0.7049.117, chrome: {chromedriverVersion: 135.0.7049.114 (63fd8a7d9d0..., userDataDir: C:\Users\xmedia\AppData\Loc...}, fedcm:accounts: true, goog:chromeOptions: {debuggerAddress: localhost:49787}, networkConnectionEnabled: false, pageLoadStrategy: normal, platformName: windows, proxy: Proxy(), se:cdp: ws://localhost:49787/devtoo..., se:cdpVersion: 135.0.7049.117, setWindowRect: true, strictFileInteractability: false, timeouts: {implicit: 0, pageLoad: 300000, script: 30000}, unhandledPromptBehavior: dismiss and notify, webauthn:extension:credBlob: true, webauthn:extension:largeBlob: true, webauthn:extension:minPinLength: true, webauthn:extension:prf: true, webauthn:virtualAuthenticators: true}
Session ID: be47d5ed5a8d9aebf31bc49f4eb059fd
	at java.base/jdk.internal.reflect.DirectConstructorHandleAccessor.newInstance(DirectConstructorHandleAccessor.java:62)
	at java.base/java.lang.reflect.Constructor.newInstanceWithCaller(Constructor.java:501)
	at java.base/java.lang.reflect.Constructor.newInstance(Constructor.java:485)
	at org.openqa.selenium.remote.ErrorCodec.decode(ErrorCodec.java:167)
	at org.openqa.selenium.remote.codec.w3c.W3CHttpResponseCodec.decode(W3CHttpResponseCodec.java:138)
	at org.openqa.selenium.remote.codec.w3c.W3CHttpResponseCodec.decode(W3CHttpResponseCodec.java:50)
	at org.openqa.selenium.remote.HttpCommandExecutor.execute(HttpCommandExecutor.java:190)
	at org.openqa.selenium.remote.service.DriverCommandExecutor.invokeExecute(DriverCommandExecutor.java:216)
	at org.openqa.selenium.remote.service.DriverCommandExecutor.execute(DriverCommandExecutor.java:174)
	at org.openqa.selenium.remote.RemoteWebDriver.execute(RemoteWebDriver.java:518)
	at org.openqa.selenium.remote.ElementLocation$ElementFinder$2.findElement(ElementLocation.java:165)
	at org.openqa.selenium.remote.ElementLocation.findElement(ElementLocation.java:59)
	at org.openqa.selenium.remote.RemoteWebDriver.findElement(RemoteWebDriver.java:355)
	at org.openqa.selenium.remote.RemoteWebDriver.findElement(RemoteWebDriver.java:349)
	at pageObjectClass.OrangeHRMLoginPage.login(OrangeHRMLoginPage.java:34)
	at testBase.Login_Page_test.CredentialUserNameAndPassword(Login_Page_test.java:94)
	at java.base/jdk.internal.reflect.DirectMethodHandleAccessor.invoke(DirectMethodHandleAccessor.java:103)
	at java.base/java.lang.reflect.Method.invoke(Method.java:580)
	at org.testng.internal.invokers.MethodInvocationHelper.invokeMethod(MethodInvocationHelper.java:139)
	at org.testng.internal.invokers.TestInvoker.invokeMethod(TestInvoker.java:664)
	at org.testng.internal.invokers.TestInvoker.invokeTestMethod(TestInvoker.java:228)
	at org.testng.internal.invokers.MethodRunner.runInSequence(MethodRunner.java:63)
	at org.testng.internal.invokers.TestInvoker$MethodInvocationAgent.invoke(TestInvoker.java:961)
	at org.testng.internal.invokers.TestInvoker.invokeTestMethods(TestInvoker.java:201)
	at org.testng.internal.invokers.TestMethodWorker.invokeTestMethods(TestMethodWorker.java:148)
	at org.testng.internal.invokers.TestMethodWorker.run(TestMethodWorker.java:128)
	at java.base/java.util.ArrayList.forEach(ArrayList.java:1597)
	at org.testng.TestRunner.privateRun(TestRunner.java:819)
	at org.testng.TestRunner.run(TestRunner.java:619)
	at org.testng.SuiteRunner.runTest(SuiteRunner.java:443)
	at org.testng.SuiteRunner.runSequentially(SuiteRunner.java:437)
	at org.testng.SuiteRunner.privateRun(SuiteRunner.java:397)
	at org.testng.SuiteRunner.run(SuiteRunner.java:336)
	at org.testng.SuiteRunnerWorker.runSuite(SuiteRunnerWorker.java:52)
	at org.testng.SuiteRunnerWorker.run(SuiteRunnerWorker.java:95)
	at org.testng.TestNG.runSuitesSequentially(TestNG.java:1301)
	at org.testng.TestNG.runSuitesLocally(TestNG.java:1228)
	at org.testng.TestNG.runSuites(TestNG.java:1134)
	at org.testng.TestNG.run(TestNG.java:1101)
	at org.testng.remote.AbstractRemoteTestNG.run(AbstractRemoteTestNG.java:115)
	at org.testng.remote.RemoteTestNG.initAndRun(RemoteTestNG.java:293)
	at org.testng.remote.RemoteTestNG.main(RemoteTestNG.java:91)
</div></td></tr></table><p class="totop"><a href="#summary">back to summary</a></p>
<h3 id="m1">testBase.Login_Page_test#loginTest010</h3><table class="result"><tr class="param"><th>Parameter #1</th><th>Parameter #2</th></tr><tr class="param stripe"><td>Admin</td><td>admin123</td></tr><tr><th colspan="2">Exception</th></tr><tr><td colspan="2"><div class="stacktrace">java.lang.AssertionError: expected [https://opensource-demo.orangehrmlive.com/web/index.php/auth/login] but found [https://opensource-demo.orangehrmlive.com/web/index.php/dashboard/index]
	at org.testng.Assert.fail(Assert.java:111)
	at org.testng.Assert.failNotEquals(Assert.java:1578)
	at org.testng.Assert.assertEqualsImpl(Assert.java:150)
	at org.testng.Assert.assertEquals(Assert.java:132)
	at org.testng.Assert.assertEquals(Assert.java:656)
	at org.testng.Assert.assertEquals(Assert.java:666)
	at testBase.Login_Page_test.loginTest010(Login_Page_test.java:80)
	at java.base/jdk.internal.reflect.DirectMethodHandleAccessor.invoke(DirectMethodHandleAccessor.java:103)
	at java.base/java.lang.reflect.Method.invoke(Method.java:580)
	at org.testng.internal.invokers.MethodInvocationHelper.invokeMethod(MethodInvocationHelper.java:139)
	at org.testng.internal.invokers.TestInvoker.invokeMethod(TestInvoker.java:664)
	at org.testng.internal.invokers.TestInvoker.invokeTestMethod(TestInvoker.java:228)
	at org.testng.internal.invokers.MethodRunner.runInSequence(MethodRunner.java:63)
	at org.testng.internal.invokers.TestInvoker$MethodInvocationAgent.invoke(TestInvoker.java:961)
	at org.testng.internal.invokers.TestInvoker.invokeTestMethods(TestInvoker.java:201)
	at org.testng.internal.invokers.TestMethodWorker.invokeTestMethods(TestMethodWorker.java:148)
	at org.testng.internal.invokers.TestMethodWorker.run(TestMethodWorker.java:128)
	at java.base/java.util.ArrayList.forEach(ArrayList.java:1597)
	at org.testng.TestRunner.privateRun(TestRunner.java:819)
	at org.testng.TestRunner.run(TestRunner.java:619)
	at org.testng.SuiteRunner.runTest(SuiteRunner.java:443)
	at org.testng.SuiteRunner.runSequentially(SuiteRunner.java:437)
	at org.testng.SuiteRunner.privateRun(SuiteRunner.java:397)
	at org.testng.SuiteRunner.run(SuiteRunner.java:336)
	at org.testng.SuiteRunnerWorker.runSuite(SuiteRunnerWorker.java:52)
	at org.testng.SuiteRunnerWorker.run(SuiteRunnerWorker.java:95)
	at org.testng.TestNG.runSuitesSequentially(TestNG.java:1301)
	at org.testng.TestNG.runSuitesLocally(TestNG.java:1228)
	at org.testng.TestNG.runSuites(TestNG.java:1134)
	at org.testng.TestNG.run(TestNG.java:1101)
	at org.testng.remote.AbstractRemoteTestNG.run(AbstractRemoteTestNG.java:115)
	at org.testng.remote.RemoteTestNG.initAndRun(RemoteTestNG.java:293)
	at org.testng.remote.RemoteTestNG.main(RemoteTestNG.java:91)
</div></td></tr></table><p class="totop"><a href="#summary">back to summary</a></p>
<h3 id="m2">testBase.Login_Page_test#logoTest005</h3><table class="result"><tr><th>Exception</th></tr><tr><td><div class="stacktrace">java.lang.AssertionError: Side logo is not visible expected [true] but found [false]
	at org.testng.Assert.fail(Assert.java:111)
	at org.testng.Assert.failNotEquals(Assert.java:1578)
	at org.testng.Assert.assertTrue(Assert.java:57)
	at testBase.Login_Page_test.logoTest005(Login_Page_test.java:45)
	at java.base/jdk.internal.reflect.DirectMethodHandleAccessor.invoke(DirectMethodHandleAccessor.java:103)
	at java.base/java.lang.reflect.Method.invoke(Method.java:580)
	at org.testng.internal.invokers.MethodInvocationHelper.invokeMethod(MethodInvocationHelper.java:139)
	at org.testng.internal.invokers.TestInvoker.invokeMethod(TestInvoker.java:664)
	at org.testng.internal.invokers.TestInvoker.invokeTestMethod(TestInvoker.java:228)
	at org.testng.internal.invokers.MethodRunner.runInSequence(MethodRunner.java:63)
	at org.testng.internal.invokers.TestInvoker$MethodInvocationAgent.invoke(TestInvoker.java:961)
	at org.testng.internal.invokers.TestInvoker.invokeTestMethods(TestInvoker.java:201)
	at org.testng.internal.invokers.TestMethodWorker.invokeTestMethods(TestMethodWorker.java:148)
	at org.testng.internal.invokers.TestMethodWorker.run(TestMethodWorker.java:128)
	at java.base/java.util.ArrayList.forEach(ArrayList.java:1597)
	at org.testng.TestRunner.privateRun(TestRunner.java:819)
	at org.testng.TestRunner.run(TestRunner.java:619)
	at org.testng.SuiteRunner.runTest(SuiteRunner.java:443)
	at org.testng.SuiteRunner.runSequentially(SuiteRunner.java:437)
	at org.testng.SuiteRunner.privateRun(SuiteRunner.java:397)
	at org.testng.SuiteRunner.run(SuiteRunner.java:336)
	at org.testng.SuiteRunnerWorker.runSuite(SuiteRunnerWorker.java:52)
	at org.testng.SuiteRunnerWorker.run(SuiteRunnerWorker.java:95)
	at org.testng.TestNG.runSuitesSequentially(TestNG.java:1301)
	at org.testng.TestNG.runSuitesLocally(TestNG.java:1228)
	at org.testng.TestNG.runSuites(TestNG.java:1134)
	at org.testng.TestNG.run(TestNG.java:1101)
	at org.testng.remote.AbstractRemoteTestNG.run(AbstractRemoteTestNG.java:115)
	at org.testng.remote.RemoteTestNG.initAndRun(RemoteTestNG.java:293)
	at org.testng.remote.RemoteTestNG.main(RemoteTestNG.java:91)
</div></td></tr></table><p class="totop"><a href="#summary">back to summary</a></p>
<h3 id="m3">testBase.Login_Page_test#notCredentialUserNameAndPassword</h3><table class="result"><tr class="param"><th>Parameter #1</th><th>Parameter #2</th></tr><tr class="param stripe"><td>Karthik</td><td>B</td></tr><tr><th colspan="2">Exception</th></tr><tr><td colspan="2"><div class="stacktrace">org.openqa.selenium.NoSuchElementException: no such element: Unable to locate element: {&quot;method&quot;:&quot;css selector&quot;,&quot;selector&quot;:&quot;*[name=&apos;username&apos;]&quot;}
  (Session info: chrome=135.0.7049.117)
For documentation on this error, please visit: https://www.selenium.dev/documentation/webdriver/troubleshooting/errors#no-such-element-exception
Build info: version: &apos;4.22.0&apos;, revision: &apos;c5f3146703*&apos;
System info: os.name: &apos;Windows 10&apos;, os.arch: &apos;amd64&apos;, os.version: &apos;10.0&apos;, java.version: &apos;23.0.1&apos;
Driver info: org.openqa.selenium.chrome.ChromeDriver
Command: [be47d5ed5a8d9aebf31bc49f4eb059fd, findElement {using=name, value=username}]
Capabilities {acceptInsecureCerts: false, browserName: chrome, browserVersion: 135.0.7049.117, chrome: {chromedriverVersion: 135.0.7049.114 (63fd8a7d9d0..., userDataDir: C:\Users\xmedia\AppData\Loc...}, fedcm:accounts: true, goog:chromeOptions: {debuggerAddress: localhost:49787}, networkConnectionEnabled: false, pageLoadStrategy: normal, platformName: windows, proxy: Proxy(), se:cdp: ws://localhost:49787/devtoo..., se:cdpVersion: 135.0.7049.117, setWindowRect: true, strictFileInteractability: false, timeouts: {implicit: 0, pageLoad: 300000, script: 30000}, unhandledPromptBehavior: dismiss and notify, webauthn:extension:credBlob: true, webauthn:extension:largeBlob: true, webauthn:extension:minPinLength: true, webauthn:extension:prf: true, webauthn:virtualAuthenticators: true}
Session ID: be47d5ed5a8d9aebf31bc49f4eb059fd
	at java.base/jdk.internal.reflect.DirectConstructorHandleAccessor.newInstance(DirectConstructorHandleAccessor.java:62)
	at java.base/java.lang.reflect.Constructor.newInstanceWithCaller(Constructor.java:501)
	at java.base/java.lang.reflect.Constructor.newInstance(Constructor.java:485)
	at org.openqa.selenium.remote.ErrorCodec.decode(ErrorCodec.java:167)
	at org.openqa.selenium.remote.codec.w3c.W3CHttpResponseCodec.decode(W3CHttpResponseCodec.java:138)
	at org.openqa.selenium.remote.codec.w3c.W3CHttpResponseCodec.decode(W3CHttpResponseCodec.java:50)
	at org.openqa.selenium.remote.HttpCommandExecutor.execute(HttpCommandExecutor.java:190)
	at org.openqa.selenium.remote.service.DriverCommandExecutor.invokeExecute(DriverCommandExecutor.java:216)
	at org.openqa.selenium.remote.service.DriverCommandExecutor.execute(DriverCommandExecutor.java:174)
	at org.openqa.selenium.remote.RemoteWebDriver.execute(RemoteWebDriver.java:518)
	at org.openqa.selenium.remote.ElementLocation$ElementFinder$2.findElement(ElementLocation.java:165)
	at org.openqa.selenium.remote.ElementLocation.findElement(ElementLocation.java:59)
	at org.openqa.selenium.remote.RemoteWebDriver.findElement(RemoteWebDriver.java:355)
	at org.openqa.selenium.remote.RemoteWebDriver.findElement(RemoteWebDriver.java:349)
	at pageObjectClass.OrangeHRMLoginPage.login(OrangeHRMLoginPage.java:34)
	at testBase.Login_Page_test.notCredentialUserNameAndPassword(Login_Page_test.java:86)
	at java.base/jdk.internal.reflect.DirectMethodHandleAccessor.invoke(DirectMethodHandleAccessor.java:103)
	at java.base/java.lang.reflect.Method.invoke(Method.java:580)
	at org.testng.internal.invokers.MethodInvocationHelper.invokeMethod(MethodInvocationHelper.java:139)
	at org.testng.internal.invokers.TestInvoker.invokeMethod(TestInvoker.java:664)
	at org.testng.internal.invokers.TestInvoker.invokeTestMethod(TestInvoker.java:228)
	at org.testng.internal.invokers.MethodRunner.runInSequence(MethodRunner.java:63)
	at org.testng.internal.invokers.TestInvoker$MethodInvocationAgent.invoke(TestInvoker.java:961)
	at org.testng.internal.invokers.TestInvoker.invokeTestMethods(TestInvoker.java:201)
	at org.testng.internal.invokers.TestMethodWorker.invokeTestMethods(TestMethodWorker.java:148)
	at org.testng.internal.invokers.TestMethodWorker.run(TestMethodWorker.java:128)
	at java.base/java.util.ArrayList.forEach(ArrayList.java:1597)
	at org.testng.TestRunner.privateRun(TestRunner.java:819)
	at org.testng.TestRunner.run(TestRunner.java:619)
	at org.testng.SuiteRunner.runTest(SuiteRunner.java:443)
	at org.testng.SuiteRunner.runSequentially(SuiteRunner.java:437)
	at org.testng.SuiteRunner.privateRun(SuiteRunner.java:397)
	at org.testng.SuiteRunner.run(SuiteRunner.java:336)
	at org.testng.SuiteRunnerWorker.runSuite(SuiteRunnerWorker.java:52)
	at org.testng.SuiteRunnerWorker.run(SuiteRunnerWorker.java:95)
	at org.testng.TestNG.runSuitesSequentially(TestNG.java:1301)
	at org.testng.TestNG.runSuitesLocally(TestNG.java:1228)
	at org.testng.TestNG.runSuites(TestNG.java:1134)
	at org.testng.TestNG.run(TestNG.java:1101)
	at org.testng.remote.AbstractRemoteTestNG.run(AbstractRemoteTestNG.java:115)
	at org.testng.remote.RemoteTestNG.initAndRun(RemoteTestNG.java:293)
	at org.testng.remote.RemoteTestNG.main(RemoteTestNG.java:91)
</div></td></tr></table><p class="totop"><a href="#summary">back to summary</a></p>
<h3 id="m4">testBase.Login_Page_test#forgetpasscancelTest008</h3><table class="result"><tr><th class="invisible"/></tr></table><p class="totop"><a href="#summary">back to summary</a></p>
<h3 id="m5">testBase.Login_Page_test#forgetpasssentest009</h3><table class="result"><tr><th class="invisible"/></tr></table><p class="totop"><a href="#summary">back to summary</a></p>
<h3 id="m6">testBase.Login_Page_test#forgetpasstest007</h3><table class="result"><tr><th class="invisible"/></tr></table><p class="totop"><a href="#summary">back to summary</a></p>
<h3 id="m7">testBase.Login_Page_test#loginTest001</h3><table class="result"><tr><th class="invisible"/></tr></table><p class="totop"><a href="#summary">back to summary</a></p>
<h3 id="m8">testBase.Login_Page_test#loginTest002</h3><table class="result"><tr><th class="invisible"/></tr></table><p class="totop"><a href="#summary">back to summary</a></p>
<h3 id="m9">testBase.Login_Page_test#loginTest003</h3><table class="result"><tr><th class="invisible"/></tr></table><p class="totop"><a href="#summary">back to summary</a></p>
<h3 id="m10">testBase.Login_Page_test#loginTest010</h3><table class="result"><tr class="param"><th>Parameter #1</th><th>Parameter #2</th></tr><tr class="param stripe"><td>victor.k</td><td>vic$456</td></tr></table><p class="totop"><a href="#summary">back to summary</a></p>
<h3 id="m11">testBase.Login_Page_test#loginTest010</h3><table class="result"><tr class="param"><th>Parameter #1</th><th>Parameter #2</th></tr><tr class="param stripe"><td>anna.white</td><td>anna#456</td></tr></table><p class="totop"><a href="#summary">back to summary</a></p>
<h3 id="m12">testBase.Login_Page_test#loginTest010</h3><table class="result"><tr class="param"><th>Parameter #1</th><th>Parameter #2</th></tr><tr class="param stripe"><td>kate.brown</td><td>kate2023!</td></tr></table><p class="totop"><a href="#summary">back to summary</a></p>
<h3 id="m13">testBase.Login_Page_test#loginTest010</h3><table class="result"><tr class="param"><th>Parameter #1</th><th>Parameter #2</th></tr><tr class="param stripe"><td>hannah.m</td><td>hannah99</td></tr></table><p class="totop"><a href="#summary">back to summary</a></p>
<h3 id="m14">testBase.Login_Page_test#loginTest010</h3><table class="result"><tr class="param"><th>Parameter #1</th><th>Parameter #2</th></tr><tr class="param stripe"><td>sophia.l</td><td>sophia99</td></tr></table><p class="totop"><a href="#summary">back to summary</a></p>
<h3 id="m15">testBase.Login_Page_test#loginTest010</h3><table class="result"><tr class="param"><th>Parameter #1</th><th>Parameter #2</th></tr><tr class="param stripe"><td>rachel.k</td><td>rach2023</td></tr></table><p class="totop"><a href="#summary">back to summary</a></p>
<h3 id="m16">testBase.Login_Page_test#loginTest010</h3><table class="result"><tr class="param"><th>Parameter #1</th><th>Parameter #2</th></tr><tr class="param stripe"><td>grace.hopper</td><td>grace#99</td></tr></table><p class="totop"><a href="#summary">back to summary</a></p>
<h3 id="m17">testBase.Login_Page_test#loginTest010</h3><table class="result"><tr class="param"><th>Parameter #1</th><th>Parameter #2</th></tr><tr class="param stripe"><td>kevin.hart</td><td>kevin$23</td></tr></table><p class="totop"><a href="#summary">back to summary</a></p>
<h3 id="m18">testBase.Login_Page_test#loginTest010</h3><table class="result"><tr class="param"><th>Parameter #1</th><th>Parameter #2</th></tr><tr class="param stripe"><td>bob_jones</td><td>bobby$1</td></tr></table><p class="totop"><a href="#summary">back to summary</a></p>
<h3 id="m19">testBase.Login_Page_test#loginTest010</h3><table class="result"><tr class="param"><th>Parameter #1</th><th>Parameter #2</th></tr><tr class="param stripe"><td>patrick.s</td><td>pat$123</td></tr></table><p class="totop"><a href="#summary">back to summary</a></p>
<h3 id="m20">testBase.Login_Page_test#loginTest010</h3><table class="result"><tr class="param"><th>Parameter #1</th><th>Parameter #2</th></tr><tr class="param stripe"><td>nancy.w</td><td>nancy#789</td></tr></table><p class="totop"><a href="#summary">back to summary</a></p>
<h3 id="m21">testBase.Login_Page_test#loginTest010</h3><table class="result"><tr class="param"><th>Parameter #1</th><th>Parameter #2</th></tr><tr class="param stripe"><td>tina.fey</td><td>tina$123</td></tr></table><p class="totop"><a href="#summary">back to summary</a></p>
<h3 id="m22">testBase.Login_Page_test#loginTest010</h3><table class="result"><tr class="param"><th>Parameter #1</th><th>Parameter #2</th></tr><tr class="param stripe"><td>ella.fitz</td><td>ellaPass</td></tr></table><p class="totop"><a href="#summary">back to summary</a></p>
<h3 id="m23">testBase.Login_Page_test#loginTest010</h3><table class="result"><tr class="param"><th>Parameter #1</th><th>Parameter #2</th></tr><tr class="param stripe"><td>mia.wallace</td><td>mia#123</td></tr></table><p class="totop"><a href="#summary">back to summary</a></p>
<h3 id="m24">testBase.Login_Page_test#loginTest010</h3><table class="result"><tr class="param"><th>Parameter #1</th><th>Parameter #2</th></tr><tr class="param stripe"><td>alice.smith</td><td>alice99</td></tr></table><p class="totop"><a href="#summary">back to summary</a></p>
<h3 id="m25">testBase.Login_Page_test#loginTest010</h3><table class="result"><tr class="param"><th>Parameter #1</th><th>Parameter #2</th></tr><tr class="param stripe"><td>samuel.l</td><td>sam$456</td></tr></table><p class="totop"><a href="#summary">back to summary</a></p>
<h3 id="m26">testBase.Login_Page_test#loginTest010</h3><table class="result"><tr class="param"><th>Parameter #1</th><th>Parameter #2</th></tr><tr class="param stripe"><td>julia.roberts</td><td>julia99#</td></tr></table><p class="totop"><a href="#summary">back to summary</a></p>
<h3 id="m27">testBase.Login_Page_test#loginTest010</h3><table class="result"><tr class="param"><th>Parameter #1</th><th>Parameter #2</th></tr><tr class="param stripe"><td>clara.b</td><td>claraPass$</td></tr></table><p class="totop"><a href="#summary">back to summary</a></p>
<h3 id="m28">testBase.Login_Page_test#loginTest010</h3><table class="result"><tr class="param"><th>Parameter #1</th><th>Parameter #2</th></tr><tr class="param stripe"><td>nick_j</td><td>nickpass3</td></tr></table><p class="totop"><a href="#summary">back to summary</a></p>
<h3 id="m29">testBase.Login_Page_test#loginTest010</h3><table class="result"><tr class="param"><th>Parameter #1</th><th>Parameter #2</th></tr><tr class="param stripe"><td>tony.stark</td><td>ironman1</td></tr></table><p class="totop"><a href="#summary">back to summary</a></p>
<h3 id="m30">testBase.Login_Page_test#loginTest010</h3><table class="result"><tr class="param"><th>Parameter #1</th><th>Parameter #2</th></tr><tr class="param stripe"><td>sarah.connor</td><td>terminator2</td></tr></table><p class="totop"><a href="#summary">back to summary</a></p>
<h3 id="m31">testBase.Login_Page_test#loginTest010</h3><table class="result"><tr class="param"><th>Parameter #1</th><th>Parameter #2</th></tr><tr class="param stripe"><td>zoe.saldana</td><td>zoe2023!</td></tr></table><p class="totop"><a href="#summary">back to summary</a></p>
<h3 id="m32">testBase.Login_Page_test#loginTest010</h3><table class="result"><tr class="param"><th>Parameter #1</th><th>Parameter #2</th></tr><tr class="param stripe"><td>user1</td><td>pass123</td></tr></table><p class="totop"><a href="#summary">back to summary</a></p>
<h3 id="m33">testBase.Login_Page_test#loginTest010</h3><table class="result"><tr class="param"><th>Parameter #1</th><th>Parameter #2</th></tr><tr class="param stripe"><td>jessica.m</td><td>jess#123</td></tr></table><p class="totop"><a href="#summary">back to summary</a></p>
<h3 id="m34">testBase.Login_Page_test#loginTest010</h3><table class="result"><tr class="param"><th>Parameter #1</th><th>Parameter #2</th></tr><tr class="param stripe"><td>luke.sky</td><td>force2023</td></tr></table><p class="totop"><a href="#summary">back to summary</a></p>
<h3 id="m35">testBase.Login_Page_test#loginTest010</h3><table class="result"><tr class="param"><th>Parameter #1</th><th>Parameter #2</th></tr><tr class="param stripe"><td>leo.dicaprio</td><td>leo2023</td></tr></table><p class="totop"><a href="#summary">back to summary</a></p>
<h3 id="m36">testBase.Login_Page_test#loginTest010</h3><table class="result"><tr class="param"><th>Parameter #1</th><th>Parameter #2</th></tr><tr class="param stripe"><td>david.lee</td><td>david$2023</td></tr></table><p class="totop"><a href="#summary">back to summary</a></p>
<h3 id="m37">testBase.Login_Page_test#loginTest010</h3><table class="result"><tr class="param"><th>Parameter #1</th><th>Parameter #2</th></tr><tr class="param stripe"><td>olivia.p</td><td>olive2023</td></tr></table><p class="totop"><a href="#summary">back to summary</a></p>
<h3 id="m38">testBase.Login_Page_test#loginTest010</h3><table class="result"><tr class="param"><th>Parameter #1</th><th>Parameter #2</th></tr><tr class="param stripe"><td>harry.p</td><td>potter99</td></tr></table><p class="totop"><a href="#summary">back to summary</a></p>
<h3 id="m39">testBase.Login_Page_test#loginTest010</h3><table class="result"><tr class="param"><th>Parameter #1</th><th>Parameter #2</th></tr><tr class="param stripe"><td>emily rose</td><td>emily!12</td></tr></table><p class="totop"><a href="#summary">back to summary</a></p>
<h3 id="m40">testBase.Login_Page_test#loginTest010</h3><table class="result"><tr class="param"><th>Parameter #1</th><th>Parameter #2</th></tr><tr class="param stripe"><td>diana.prince</td><td>wonder2023</td></tr></table><p class="totop"><a href="#summary">back to summary</a></p>
<h3 id="m41">testBase.Login_Page_test#loginTest010</h3><table class="result"><tr class="param"><th>Parameter #1</th><th>Parameter #2</th></tr><tr class="param stripe"><td>peter.parker</td><td>spider22</td></tr></table><p class="totop"><a href="#summary">back to summary</a></p>
<h3 id="m42">testBase.Login_Page_test#loginTest010</h3><table class="result"><tr class="param"><th>Parameter #1</th><th>Parameter #2</th></tr><tr class="param stripe"><td>laura.miller</td><td>lauraPass</td></tr></table><p class="totop"><a href="#summary">back to summary</a></p>
<h3 id="m43">testBase.Login_Page_test#loginTest010</h3><table class="result"><tr class="param"><th>Parameter #1</th><th>Parameter #2</th></tr><tr class="param stripe"><td>linda_k</td><td>linda789</td></tr></table><p class="totop"><a href="#summary">back to summary</a></p>
<h3 id="m44">testBase.Login_Page_test#loginTest010</h3><table class="result"><tr class="param"><th>Parameter #1</th><th>Parameter #2</th></tr><tr class="param stripe"><td>mark.twain</td><td>mark$123</td></tr></table><p class="totop"><a href="#summary">back to summary</a></p>
<h3 id="m45">testBase.Login_Page_test#loginTest010</h3><table class="result"><tr class="param"><th>Parameter #1</th><th>Parameter #2</th></tr><tr class="param stripe"><td>ian.malcolm</td><td>ian#789</td></tr></table><p class="totop"><a href="#summary">back to summary</a></p>
<h3 id="m46">testBase.Login_Page_test#loginTest010</h3><table class="result"><tr class="param"><th>Parameter #1</th><th>Parameter #2</th></tr><tr class="param stripe"><td>john_doe</td><td>jd2023</td></tr></table><p class="totop"><a href="#summary">back to summary</a></p>
<h3 id="m47">testBase.Login_Page_test#loginTest010</h3><table class="result"><tr class="param"><th>Parameter #1</th><th>Parameter #2</th></tr><tr class="param stripe"><td>george.c</td><td>george$12</td></tr></table><p class="totop"><a href="#summary">back to summary</a></p>
<h3 id="m48">testBase.Login_Page_test#loginTest010</h3><table class="result"><tr class="param"><th>Parameter #1</th><th>Parameter #2</th></tr><tr class="param stripe"><td>will.smith</td><td>will2023$</td></tr></table><p class="totop"><a href="#summary">back to summary</a></p>
<h3 id="m49">testBase.Login_Page_test#loginTest010</h3><table class="result"><tr class="param"><th>Parameter #1</th><th>Parameter #2</th></tr><tr class="param stripe"><td>ryan_g</td><td>ryan#789</td></tr></table><p class="totop"><a href="#summary">back to summary</a></p>
<h3 id="m50">testBase.Login_Page_test#loginTest010</h3><table class="result"><tr class="param"><th>Parameter #1</th><th>Parameter #2</th></tr><tr class="param stripe"><td>lisa.marie</td><td>lisa2023!</td></tr></table><p class="totop"><a href="#summary">back to summary</a></p>
<h3 id="m51">testBase.Login_Page_test#loginTest010</h3><table class="result"><tr class="param"><th>Parameter #1</th><th>Parameter #2</th></tr><tr class="param stripe"><td>brad.pitt</td><td>brad#2023</td></tr></table><p class="totop"><a href="#summary">back to summary</a></p>
<h3 id="m52">testBase.Login_Page_test#loginTest010</h3><table class="result"><tr class="param"><th>Parameter #1</th><th>Parameter #2</th></tr><tr class="param stripe"><td>oscar.w</td><td>oscar99$</td></tr></table><p class="totop"><a href="#summary">back to summary</a></p>
<h3 id="m53">testBase.Login_Page_test#loginTest010</h3><table class="result"><tr class="param"><th>Parameter #1</th><th>Parameter #2</th></tr><tr class="param stripe"><td>ethan.hunt</td><td>mission1</td></tr></table><p class="totop"><a href="#summary">back to summary</a></p>
<h3 id="m54">testBase.Login_Page_test#loginTest010</h3><table class="result"><tr class="param"><th>Parameter #1</th><th>Parameter #2</th></tr><tr class="param stripe"><td>chris.evans</td><td>captain$1</td></tr></table><p class="totop"><a href="#summary">back to summary</a></p>
<h3 id="m55">testBase.Login_Page_test#loginTest010</h3><table class="result"><tr class="param"><th>Parameter #1</th><th>Parameter #2</th></tr><tr class="param stripe"><td>mary.jane</td><td>maryPass1</td></tr></table><p class="totop"><a href="#summary">back to summary</a></p>
<h3 id="m56">testBase.Login_Page_test#loginTest010</h3><table class="result"><tr class="param"><th>Parameter #1</th><th>Parameter #2</th></tr><tr class="param stripe"><td>mike92</td><td>mikePass!</td></tr></table><p class="totop"><a href="#summary">back to summary</a></p>
<h3 id="m57">testBase.Login_Page_test#loginTest010</h3><table class="result"><tr class="param"><th>Parameter #1</th><th>Parameter #2</th></tr><tr class="param stripe"><td>tom_hardy</td><td>tommy$99</td></tr></table><p class="totop"><a href="#summary">back to summary</a></p>
<h3 id="m58">testBase.Login_Page_test#loginTest010</h3><table class="result"><tr class="param"><th>Parameter #1</th><th>Parameter #2</th></tr><tr class="param stripe"><td>emma.watson</td><td>emma#456</td></tr></table><p class="totop"><a href="#summary">back to summary</a></p>
<h3 id="m59">testBase.Login_Page_test#loginTest010</h3><table class="result"><tr class="param"><th>Parameter #1</th><th>Parameter #2</th></tr><tr class="param stripe"><td>james.bond</td><td>007pass</td></tr></table><p class="totop"><a href="#summary">back to summary</a></p>
<h3 id="m60">testBase.Login_Page_test#loginTest1004</h3><table class="result"><tr><th class="invisible"/></tr></table><p class="totop"><a href="#summary">back to summary</a></p>
</body>
</html>
