<?xml version="1.0" encoding="UTF-8"?>
<testng-results ignored="0" total="61" passed="57" failed="4" skipped="0">
  <reporter-output>
  </reporter-output>
  <suite started-at="2025-05-09T14:01:47 IST" name="Default suite" finished-at="2025-05-09T14:04:47 IST" duration-ms="179864">
    <groups>
      <group name="Regression">
        <method signature="Login_Page_test.loginTest001()[pri:1, instance:testBase.Login_Page_test@306e95ec]" name="loginTest001" class="testBase.Login_Page_test"/>
        <method signature="Login_Page_test.loginTest002()[pri:2, instance:testBase.Login_Page_test@306e95ec]" name="loginTest002" class="testBase.Login_Page_test"/>
        <method signature="Login_Page_test.loginTest003()[pri:3, instance:testBase.Login_Page_test@306e95ec]" name="loginTest003" class="testBase.Login_Page_test"/>
        <method signature="Login_Page_test.loginTest1004()[pri:4, instance:testBase.Login_Page_test@306e95ec]" name="loginTest1004" class="testBase.Login_Page_test"/>
        <method signature="Login_Page_test.logoTest005()[pri:5, instance:testBase.Login_Page_test@306e95ec]" name="logoTest005" class="testBase.Login_Page_test"/>
        <method signature="Login_Page_test.forgetpasstest007()[pri:7, instance:testBase.Login_Page_test@306e95ec]" name="forgetpasstest007" class="testBase.Login_Page_test"/>
        <method signature="Login_Page_test.forgetpasscancelTest008()[pri:8, instance:testBase.Login_Page_test@306e95ec]" name="forgetpasscancelTest008" class="testBase.Login_Page_test"/>
        <method signature="Login_Page_test.forgetpasssentest009()[pri:9, instance:testBase.Login_Page_test@306e95ec]" name="forgetpasssentest009" class="testBase.Login_Page_test"/>
        <method signature="Login_Page_test.loginTest010(java.lang.String,java.lang.String)[pri:10, instance:testBase.Login_Page_test@306e95ec]" name="loginTest010" class="testBase.Login_Page_test"/>
        <method signature="Login_Page_test.notCredentialUserNameAndPassword(java.lang.String,java.lang.String)[pri:12, instance:testBase.Login_Page_test@306e95ec]" name="notCredentialUserNameAndPassword" class="testBase.Login_Page_test"/>
        <method signature="Login_Page_test.CredentialUserNameAndPassword()[pri:13, instance:testBase.Login_Page_test@306e95ec]" name="CredentialUserNameAndPassword" class="testBase.Login_Page_test"/>
      </group> <!-- Regression -->
      <group name="Smoke">
        <method signature="Login_Page_test.loginTest001()[pri:1, instance:testBase.Login_Page_test@306e95ec]" name="loginTest001" class="testBase.Login_Page_test"/>
        <method signature="Login_Page_test.loginTest002()[pri:2, instance:testBase.Login_Page_test@306e95ec]" name="loginTest002" class="testBase.Login_Page_test"/>
        <method signature="Login_Page_test.loginTest003()[pri:3, instance:testBase.Login_Page_test@306e95ec]" name="loginTest003" class="testBase.Login_Page_test"/>
        <method signature="Login_Page_test.loginTest1004()[pri:4, instance:testBase.Login_Page_test@306e95ec]" name="loginTest1004" class="testBase.Login_Page_test"/>
        <method signature="Login_Page_test.logoTest005()[pri:5, instance:testBase.Login_Page_test@306e95ec]" name="logoTest005" class="testBase.Login_Page_test"/>
        <method signature="Login_Page_test.forgetpasstest007()[pri:7, instance:testBase.Login_Page_test@306e95ec]" name="forgetpasstest007" class="testBase.Login_Page_test"/>
        <method signature="Login_Page_test.forgetpasscancelTest008()[pri:8, instance:testBase.Login_Page_test@306e95ec]" name="forgetpasscancelTest008" class="testBase.Login_Page_test"/>
        <method signature="Login_Page_test.forgetpasssentest009()[pri:9, instance:testBase.Login_Page_test@306e95ec]" name="forgetpasssentest009" class="testBase.Login_Page_test"/>
        <method signature="Login_Page_test.loginTest010(java.lang.String,java.lang.String)[pri:10, instance:testBase.Login_Page_test@306e95ec]" name="loginTest010" class="testBase.Login_Page_test"/>
        <method signature="Login_Page_test.notCredentialUserNameAndPassword(java.lang.String,java.lang.String)[pri:12, instance:testBase.Login_Page_test@306e95ec]" name="notCredentialUserNameAndPassword" class="testBase.Login_Page_test"/>
        <method signature="Login_Page_test.CredentialUserNameAndPassword()[pri:13, instance:testBase.Login_Page_test@306e95ec]" name="CredentialUserNameAndPassword" class="testBase.Login_Page_test"/>
      </group> <!-- Smoke -->
      <group name="LoginTest">
        <method signature="Login_Page_test.loginTest001()[pri:1, instance:testBase.Login_Page_test@306e95ec]" name="loginTest001" class="testBase.Login_Page_test"/>
        <method signature="Login_Page_test.loginTest002()[pri:2, instance:testBase.Login_Page_test@306e95ec]" name="loginTest002" class="testBase.Login_Page_test"/>
        <method signature="Login_Page_test.loginTest003()[pri:3, instance:testBase.Login_Page_test@306e95ec]" name="loginTest003" class="testBase.Login_Page_test"/>
        <method signature="Login_Page_test.loginTest1004()[pri:4, instance:testBase.Login_Page_test@306e95ec]" name="loginTest1004" class="testBase.Login_Page_test"/>
        <method signature="Login_Page_test.logoTest005()[pri:5, instance:testBase.Login_Page_test@306e95ec]" name="logoTest005" class="testBase.Login_Page_test"/>
        <method signature="Login_Page_test.forgetpasstest007()[pri:7, instance:testBase.Login_Page_test@306e95ec]" name="forgetpasstest007" class="testBase.Login_Page_test"/>
        <method signature="Login_Page_test.forgetpasscancelTest008()[pri:8, instance:testBase.Login_Page_test@306e95ec]" name="forgetpasscancelTest008" class="testBase.Login_Page_test"/>
        <method signature="Login_Page_test.forgetpasssentest009()[pri:9, instance:testBase.Login_Page_test@306e95ec]" name="forgetpasssentest009" class="testBase.Login_Page_test"/>
        <method signature="Login_Page_test.loginTest010(java.lang.String,java.lang.String)[pri:10, instance:testBase.Login_Page_test@306e95ec]" name="loginTest010" class="testBase.Login_Page_test"/>
        <method signature="Login_Page_test.notCredentialUserNameAndPassword(java.lang.String,java.lang.String)[pri:12, instance:testBase.Login_Page_test@306e95ec]" name="notCredentialUserNameAndPassword" class="testBase.Login_Page_test"/>
        <method signature="Login_Page_test.CredentialUserNameAndPassword()[pri:13, instance:testBase.Login_Page_test@306e95ec]" name="CredentialUserNameAndPassword" class="testBase.Login_Page_test"/>
      </group> <!-- LoginTest -->
    </groups>
    <test started-at="2025-05-09T14:01:47 IST" name="Default test" finished-at="2025-05-09T14:04:47 IST" duration-ms="179864">
      <class name="testBase.Login_Page_test">
        <test-method is-config="true" signature="openTheBrowser()[pri:0, instance:testBase.Login_Page_test@306e95ec]" started-at="2025-05-09T14:01:47 IST" name="openTheBrowser" finished-at="2025-05-09T14:02:08 IST" duration-ms="20590" status="PASS">
          <reporter-output>
          </reporter-output>
        </test-method> <!-- openTheBrowser -->
        <test-method signature="loginTest001()[pri:1, instance:testBase.Login_Page_test@306e95ec]" started-at="2025-05-09T14:02:08 IST" name="loginTest001" finished-at="2025-05-09T14:02:10 IST" duration-ms="2362" status="PASS">
          <reporter-output>
          </reporter-output>
        </test-method> <!-- loginTest001 -->
        <test-method signature="loginTest002()[pri:2, instance:testBase.Login_Page_test@306e95ec]" started-at="2025-05-09T14:02:10 IST" name="loginTest002" finished-at="2025-05-09T14:02:13 IST" duration-ms="3010" status="PASS">
          <reporter-output>
          </reporter-output>
        </test-method> <!-- loginTest002 -->
        <test-method signature="loginTest003()[pri:3, instance:testBase.Login_Page_test@306e95ec]" started-at="2025-05-09T14:02:13 IST" name="loginTest003" finished-at="2025-05-09T14:02:14 IST" duration-ms="756" status="PASS">
          <reporter-output>
          </reporter-output>
        </test-method> <!-- loginTest003 -->
        <test-method signature="loginTest1004()[pri:4, instance:testBase.Login_Page_test@306e95ec]" started-at="2025-05-09T14:02:14 IST" name="loginTest1004" finished-at="2025-05-09T14:02:16 IST" duration-ms="1590" status="PASS">
          <reporter-output>
          </reporter-output>
        </test-method> <!-- loginTest1004 -->
        <test-method signature="logoTest005()[pri:5, instance:testBase.Login_Page_test@306e95ec]" started-at="2025-05-09T14:02:16 IST" name="logoTest005" finished-at="2025-05-09T14:02:16 IST" duration-ms="612" status="FAIL">
          <exception class="java.lang.AssertionError">
            <message>
              <![CDATA[Side logo is not visible expected [true] but found [false]]]>
            </message>
            <full-stacktrace>
              <![CDATA[java.lang.AssertionError: Side logo is not visible expected [true] but found [false]
at org.testng.Assert.fail(Assert.java:111)
at org.testng.Assert.failNotEquals(Assert.java:1578)
at org.testng.Assert.assertTrue(Assert.java:57)
at testBase.Login_Page_test.logoTest005(Login_Page_test.java:45)
at java.base/jdk.internal.reflect.DirectMethodHandleAccessor.invoke(DirectMethodHandleAccessor.java:103)
at java.base/java.lang.reflect.Method.invoke(Method.java:580)
at org.testng.internal.invokers.MethodInvocationHelper.invokeMethod(MethodInvocationHelper.java:139)
at org.testng.internal.invokers.TestInvoker.invokeMethod(TestInvoker.java:664)
at org.testng.internal.invokers.TestInvoker.invokeTestMethod(TestInvoker.java:228)
at org.testng.internal.invokers.MethodRunner.runInSequence(MethodRunner.java:63)
at org.testng.internal.invokers.TestInvoker$MethodInvocationAgent.invoke(TestInvoker.java:961)
at org.testng.internal.invokers.TestInvoker.invokeTestMethods(TestInvoker.java:201)
at org.testng.internal.invokers.TestMethodWorker.invokeTestMethods(TestMethodWorker.java:148)
at org.testng.internal.invokers.TestMethodWorker.run(TestMethodWorker.java:128)
at java.base/java.util.ArrayList.forEach(ArrayList.java:1597)
at org.testng.TestRunner.privateRun(TestRunner.java:819)
at org.testng.TestRunner.run(TestRunner.java:619)
at org.testng.SuiteRunner.runTest(SuiteRunner.java:443)
at org.testng.SuiteRunner.runSequentially(SuiteRunner.java:437)
at org.testng.SuiteRunner.privateRun(SuiteRunner.java:397)
at org.testng.SuiteRunner.run(SuiteRunner.java:336)
at org.testng.SuiteRunnerWorker.runSuite(SuiteRunnerWorker.java:52)
at org.testng.SuiteRunnerWorker.run(SuiteRunnerWorker.java:95)
at org.testng.TestNG.runSuitesSequentially(TestNG.java:1301)
at org.testng.TestNG.runSuitesLocally(TestNG.java:1228)
at org.testng.TestNG.runSuites(TestNG.java:1134)
at org.testng.TestNG.run(TestNG.java:1101)
at org.testng.remote.AbstractRemoteTestNG.run(AbstractRemoteTestNG.java:115)
at org.testng.remote.RemoteTestNG.initAndRun(RemoteTestNG.java:293)
at org.testng.remote.RemoteTestNG.main(RemoteTestNG.java:91)
]]>
            </full-stacktrace>
          </exception> <!-- java.lang.AssertionError -->
          <reporter-output>
          </reporter-output>
        </test-method> <!-- logoTest005 -->
        <test-method signature="forgetpasstest007()[pri:7, instance:testBase.Login_Page_test@306e95ec]" started-at="2025-05-09T14:02:17 IST" name="forgetpasstest007" finished-at="2025-05-09T14:02:17 IST" duration-ms="718" status="PASS">
          <reporter-output>
          </reporter-output>
        </test-method> <!-- forgetpasstest007 -->
        <test-method signature="forgetpasscancelTest008()[pri:8, instance:testBase.Login_Page_test@306e95ec]" started-at="2025-05-09T14:02:17 IST" name="forgetpasscancelTest008" finished-at="2025-05-09T14:02:18 IST" duration-ms="1172" status="PASS">
          <reporter-output>
          </reporter-output>
        </test-method> <!-- forgetpasscancelTest008 -->
        <test-method signature="forgetpasssentest009()[pri:9, instance:testBase.Login_Page_test@306e95ec]" started-at="2025-05-09T14:02:18 IST" name="forgetpasssentest009" finished-at="2025-05-09T14:02:21 IST" duration-ms="2695" status="PASS">
          <reporter-output>
          </reporter-output>
        </test-method> <!-- forgetpasssentest009 -->
        <test-method signature="loginTest010(java.lang.String,java.lang.String)[pri:10, instance:testBase.Login_Page_test@306e95ec]" started-at="2025-05-09T14:02:21 IST" name="loginTest010" data-provider="UserLogin" finished-at="2025-05-09T14:02:23 IST" duration-ms="1436" status="PASS">
          <params>
            <param index="0">
              <value>
                <![CDATA[user1]]>
              </value>
            </param>
            <param index="1">
              <value>
                <![CDATA[pass123]]>
              </value>
            </param>
          </params>
          <reporter-output>
          </reporter-output>
        </test-method> <!-- loginTest010 -->
        <test-method signature="loginTest010(java.lang.String,java.lang.String)[pri:10, instance:testBase.Login_Page_test@306e95ec]" started-at="2025-05-09T14:02:23 IST" name="loginTest010" data-provider="UserLogin" finished-at="2025-05-09T14:02:25 IST" duration-ms="1861" status="PASS">
          <params>
            <param index="0">
              <value>
                <![CDATA[john_doe]]>
              </value>
            </param>
            <param index="1">
              <value>
                <![CDATA[jd2023]]>
              </value>
            </param>
          </params>
          <reporter-output>
          </reporter-output>
        </test-method> <!-- loginTest010 -->
        <test-method signature="loginTest010(java.lang.String,java.lang.String)[pri:10, instance:testBase.Login_Page_test@306e95ec]" started-at="2025-05-09T14:02:25 IST" name="loginTest010" data-provider="UserLogin" finished-at="2025-05-09T14:02:28 IST" duration-ms="3579" status="PASS">
          <params>
            <param index="0">
              <value>
                <![CDATA[alice.smith]]>
              </value>
            </param>
            <param index="1">
              <value>
                <![CDATA[alice99]]>
              </value>
            </param>
          </params>
          <reporter-output>
          </reporter-output>
        </test-method> <!-- loginTest010 -->
        <test-method signature="loginTest010(java.lang.String,java.lang.String)[pri:10, instance:testBase.Login_Page_test@306e95ec]" started-at="2025-05-09T14:02:28 IST" name="loginTest010" data-provider="UserLogin" finished-at="2025-05-09T14:02:30 IST" duration-ms="1799" status="PASS">
          <params>
            <param index="0">
              <value>
                <![CDATA[bob_jones]]>
              </value>
            </param>
            <param index="1">
              <value>
                <![CDATA[bobby$1]]>
              </value>
            </param>
          </params>
          <reporter-output>
          </reporter-output>
        </test-method> <!-- loginTest010 -->
        <test-method signature="loginTest010(java.lang.String,java.lang.String)[pri:10, instance:testBase.Login_Page_test@306e95ec]" started-at="2025-05-09T14:02:30 IST" name="loginTest010" data-provider="UserLogin" finished-at="2025-05-09T14:02:32 IST" duration-ms="1640" status="PASS">
          <params>
            <param index="0">
              <value>
                <![CDATA[emma.watson]]>
              </value>
            </param>
            <param index="1">
              <value>
                <![CDATA[emma#456]]>
              </value>
            </param>
          </params>
          <reporter-output>
          </reporter-output>
        </test-method> <!-- loginTest010 -->
        <test-method signature="loginTest010(java.lang.String,java.lang.String)[pri:10, instance:testBase.Login_Page_test@306e95ec]" started-at="2025-05-09T14:02:32 IST" name="loginTest010" data-provider="UserLogin" finished-at="2025-05-09T14:02:33 IST" duration-ms="1770" status="PASS">
          <params>
            <param index="0">
              <value>
                <![CDATA[mike92]]>
              </value>
            </param>
            <param index="1">
              <value>
                <![CDATA[mikePass!]]>
              </value>
            </param>
          </params>
          <reporter-output>
          </reporter-output>
        </test-method> <!-- loginTest010 -->
        <test-method signature="loginTest010(java.lang.String,java.lang.String)[pri:10, instance:testBase.Login_Page_test@306e95ec]" started-at="2025-05-09T14:02:33 IST" name="loginTest010" data-provider="UserLogin" finished-at="2025-05-09T14:02:35 IST" duration-ms="1619" status="PASS">
          <params>
            <param index="0">
              <value>
                <![CDATA[sarah.connor]]>
              </value>
            </param>
            <param index="1">
              <value>
                <![CDATA[terminator2]]>
              </value>
            </param>
          </params>
          <reporter-output>
          </reporter-output>
        </test-method> <!-- loginTest010 -->
        <test-method signature="loginTest010(java.lang.String,java.lang.String)[pri:10, instance:testBase.Login_Page_test@306e95ec]" started-at="2025-05-09T14:02:35 IST" name="loginTest010" data-provider="UserLogin" finished-at="2025-05-09T14:02:37 IST" duration-ms="1680" status="PASS">
          <params>
            <param index="0">
              <value>
                <![CDATA[david.lee]]>
              </value>
            </param>
            <param index="1">
              <value>
                <![CDATA[david$2023]]>
              </value>
            </param>
          </params>
          <reporter-output>
          </reporter-output>
        </test-method> <!-- loginTest010 -->
        <test-method signature="loginTest010(java.lang.String,java.lang.String)[pri:10, instance:testBase.Login_Page_test@306e95ec]" started-at="2025-05-09T14:02:37 IST" name="loginTest010" data-provider="UserLogin" finished-at="2025-05-09T14:02:38 IST" duration-ms="1631" status="PASS">
          <params>
            <param index="0">
              <value>
                <![CDATA[linda_k]]>
              </value>
            </param>
            <param index="1">
              <value>
                <![CDATA[linda789]]>
              </value>
            </param>
          </params>
          <reporter-output>
          </reporter-output>
        </test-method> <!-- loginTest010 -->
        <test-method signature="loginTest010(java.lang.String,java.lang.String)[pri:10, instance:testBase.Login_Page_test@306e95ec]" started-at="2025-05-09T14:02:38 IST" name="loginTest010" data-provider="UserLogin" finished-at="2025-05-09T14:02:40 IST" duration-ms="1840" status="PASS">
          <params>
            <param index="0">
              <value>
                <![CDATA[peter.parker]]>
              </value>
            </param>
            <param index="1">
              <value>
                <![CDATA[spider22]]>
              </value>
            </param>
          </params>
          <reporter-output>
          </reporter-output>
        </test-method> <!-- loginTest010 -->
        <test-method signature="loginTest010(java.lang.String,java.lang.String)[pri:10, instance:testBase.Login_Page_test@306e95ec]" started-at="2025-05-09T14:02:40 IST" name="loginTest010" data-provider="UserLogin" finished-at="2025-05-09T14:02:41 IST" duration-ms="777" status="PASS">
          <params>
            <param index="0">
              <value>
                <![CDATA[jessica.m]]>
              </value>
            </param>
            <param index="1">
              <value>
                <![CDATA[jess#123]]>
              </value>
            </param>
          </params>
          <reporter-output>
          </reporter-output>
        </test-method> <!-- loginTest010 -->
        <test-method signature="loginTest010(java.lang.String,java.lang.String)[pri:10, instance:testBase.Login_Page_test@306e95ec]" started-at="2025-05-09T14:02:41 IST" name="loginTest010" data-provider="UserLogin" finished-at="2025-05-09T14:02:45 IST" duration-ms="4437" status="PASS">
          <params>
            <param index="0">
              <value>
                <![CDATA[tom_hardy]]>
              </value>
            </param>
            <param index="1">
              <value>
                <![CDATA[tommy$99]]>
              </value>
            </param>
          </params>
          <reporter-output>
          </reporter-output>
        </test-method> <!-- loginTest010 -->
        <test-method signature="loginTest010(java.lang.String,java.lang.String)[pri:10, instance:testBase.Login_Page_test@306e95ec]" started-at="2025-05-09T14:02:45 IST" name="loginTest010" data-provider="UserLogin" finished-at="2025-05-09T14:02:47 IST" duration-ms="1724" status="PASS">
          <params>
            <param index="0">
              <value>
                <![CDATA[kate.brown]]>
              </value>
            </param>
            <param index="1">
              <value>
                <![CDATA[kate2023!]]>
              </value>
            </param>
          </params>
          <reporter-output>
          </reporter-output>
        </test-method> <!-- loginTest010 -->
        <test-method signature="loginTest010(java.lang.String,java.lang.String)[pri:10, instance:testBase.Login_Page_test@306e95ec]" started-at="2025-05-09T14:02:47 IST" name="loginTest010" data-provider="UserLogin" finished-at="2025-05-09T14:02:50 IST" duration-ms="2436" status="PASS">
          <params>
            <param index="0">
              <value>
                <![CDATA[chris.evans]]>
              </value>
            </param>
            <param index="1">
              <value>
                <![CDATA[captain$1]]>
              </value>
            </param>
          </params>
          <reporter-output>
          </reporter-output>
        </test-method> <!-- loginTest010 -->
        <test-method signature="loginTest010(java.lang.String,java.lang.String)[pri:10, instance:testBase.Login_Page_test@306e95ec]" started-at="2025-05-09T14:02:50 IST" name="loginTest010" data-provider="UserLogin" finished-at="2025-05-09T14:02:51 IST" duration-ms="1748" status="PASS">
          <params>
            <param index="0">
              <value>
                <![CDATA[laura.miller]]>
              </value>
            </param>
            <param index="1">
              <value>
                <![CDATA[lauraPass]]>
              </value>
            </param>
          </params>
          <reporter-output>
          </reporter-output>
        </test-method> <!-- loginTest010 -->
        <test-method signature="loginTest010(java.lang.String,java.lang.String)[pri:10, instance:testBase.Login_Page_test@306e95ec]" started-at="2025-05-09T14:02:51 IST" name="loginTest010" data-provider="UserLogin" finished-at="2025-05-09T14:02:53 IST" duration-ms="1655" status="PASS">
          <params>
            <param index="0">
              <value>
                <![CDATA[ryan_g]]>
              </value>
            </param>
            <param index="1">
              <value>
                <![CDATA[ryan#789]]>
              </value>
            </param>
          </params>
          <reporter-output>
          </reporter-output>
        </test-method> <!-- loginTest010 -->
        <test-method signature="loginTest010(java.lang.String,java.lang.String)[pri:10, instance:testBase.Login_Page_test@306e95ec]" started-at="2025-05-09T14:02:53 IST" name="loginTest010" data-provider="UserLogin" finished-at="2025-05-09T14:02:55 IST" duration-ms="1752" status="PASS">
          <params>
            <param index="0">
              <value>
                <![CDATA[olivia.p]]>
              </value>
            </param>
            <param index="1">
              <value>
                <![CDATA[olive2023]]>
              </value>
            </param>
          </params>
          <reporter-output>
          </reporter-output>
        </test-method> <!-- loginTest010 -->
        <test-method signature="loginTest010(java.lang.String,java.lang.String)[pri:10, instance:testBase.Login_Page_test@306e95ec]" started-at="2025-05-09T14:02:55 IST" name="loginTest010" data-provider="UserLogin" finished-at="2025-05-09T14:02:58 IST" duration-ms="3148" status="PASS">
          <params>
            <param index="0">
              <value>
                <![CDATA[mark.twain]]>
              </value>
            </param>
            <param index="1">
              <value>
                <![CDATA[mark$123]]>
              </value>
            </param>
          </params>
          <reporter-output>
          </reporter-output>
        </test-method> <!-- loginTest010 -->
        <test-method signature="loginTest010(java.lang.String,java.lang.String)[pri:10, instance:testBase.Login_Page_test@306e95ec]" started-at="2025-05-09T14:02:58 IST" name="loginTest010" data-provider="UserLogin" finished-at="2025-05-09T14:02:59 IST" duration-ms="1550" status="PASS">
          <params>
            <param index="0">
              <value>
                <![CDATA[sophia.l]]>
              </value>
            </param>
            <param index="1">
              <value>
                <![CDATA[sophia99]]>
              </value>
            </param>
          </params>
          <reporter-output>
          </reporter-output>
        </test-method> <!-- loginTest010 -->
        <test-method signature="loginTest010(java.lang.String,java.lang.String)[pri:10, instance:testBase.Login_Page_test@306e95ec]" started-at="2025-05-09T14:02:59 IST" name="loginTest010" data-provider="UserLogin" finished-at="2025-05-09T14:03:01 IST" duration-ms="1734" status="PASS">
          <params>
            <param index="0">
              <value>
                <![CDATA[james.bond]]>
              </value>
            </param>
            <param index="1">
              <value>
                <![CDATA[007pass]]>
              </value>
            </param>
          </params>
          <reporter-output>
          </reporter-output>
        </test-method> <!-- loginTest010 -->
        <test-method signature="loginTest010(java.lang.String,java.lang.String)[pri:10, instance:testBase.Login_Page_test@306e95ec]" started-at="2025-05-09T14:03:01 IST" name="loginTest010" data-provider="UserLogin" finished-at="2025-05-09T14:03:03 IST" duration-ms="1624" status="PASS">
          <params>
            <param index="0">
              <value>
                <![CDATA[anna.white]]>
              </value>
            </param>
            <param index="1">
              <value>
                <![CDATA[anna#456]]>
              </value>
            </param>
          </params>
          <reporter-output>
          </reporter-output>
        </test-method> <!-- loginTest010 -->
        <test-method signature="loginTest010(java.lang.String,java.lang.String)[pri:10, instance:testBase.Login_Page_test@306e95ec]" started-at="2025-05-09T14:03:03 IST" name="loginTest010" data-provider="UserLogin" finished-at="2025-05-09T14:03:05 IST" duration-ms="2292" status="PASS">
          <params>
            <param index="0">
              <value>
                <![CDATA[will.smith]]>
              </value>
            </param>
            <param index="1">
              <value>
                <![CDATA[will2023$]]>
              </value>
            </param>
          </params>
          <reporter-output>
          </reporter-output>
        </test-method> <!-- loginTest010 -->
        <test-method signature="loginTest010(java.lang.String,java.lang.String)[pri:10, instance:testBase.Login_Page_test@306e95ec]" started-at="2025-05-09T14:03:05 IST" name="loginTest010" data-provider="UserLogin" finished-at="2025-05-09T14:03:07 IST" duration-ms="1537" status="PASS">
          <params>
            <param index="0">
              <value>
                <![CDATA[emily rose]]>
              </value>
            </param>
            <param index="1">
              <value>
                <![CDATA[emily!12]]>
              </value>
            </param>
          </params>
          <reporter-output>
          </reporter-output>
        </test-method> <!-- loginTest010 -->
        <test-method signature="loginTest010(java.lang.String,java.lang.String)[pri:10, instance:testBase.Login_Page_test@306e95ec]" started-at="2025-05-09T14:03:07 IST" name="loginTest010" data-provider="UserLogin" finished-at="2025-05-09T14:03:08 IST" duration-ms="1525" status="PASS">
          <params>
            <param index="0">
              <value>
                <![CDATA[nick_j]]>
              </value>
            </param>
            <param index="1">
              <value>
                <![CDATA[nickpass3]]>
              </value>
            </param>
          </params>
          <reporter-output>
          </reporter-output>
        </test-method> <!-- loginTest010 -->
        <test-method signature="loginTest010(java.lang.String,java.lang.String)[pri:10, instance:testBase.Login_Page_test@306e95ec]" started-at="2025-05-09T14:03:08 IST" name="loginTest010" data-provider="UserLogin" finished-at="2025-05-09T14:03:10 IST" duration-ms="1603" status="PASS">
          <params>
            <param index="0">
              <value>
                <![CDATA[rachel.k]]>
              </value>
            </param>
            <param index="1">
              <value>
                <![CDATA[rach2023]]>
              </value>
            </param>
          </params>
          <reporter-output>
          </reporter-output>
        </test-method> <!-- loginTest010 -->
        <test-method signature="loginTest010(java.lang.String,java.lang.String)[pri:10, instance:testBase.Login_Page_test@306e95ec]" started-at="2025-05-09T14:03:10 IST" name="loginTest010" data-provider="UserLogin" finished-at="2025-05-09T14:03:13 IST" duration-ms="2999" status="PASS">
          <params>
            <param index="0">
              <value>
                <![CDATA[samuel.l]]>
              </value>
            </param>
            <param index="1">
              <value>
                <![CDATA[sam$456]]>
              </value>
            </param>
          </params>
          <reporter-output>
          </reporter-output>
        </test-method> <!-- loginTest010 -->
        <test-method signature="loginTest010(java.lang.String,java.lang.String)[pri:10, instance:testBase.Login_Page_test@306e95ec]" started-at="2025-05-09T14:03:13 IST" name="loginTest010" data-provider="UserLogin" finished-at="2025-05-09T14:03:15 IST" duration-ms="2196" status="PASS">
          <params>
            <param index="0">
              <value>
                <![CDATA[grace.hopper]]>
              </value>
            </param>
            <param index="1">
              <value>
                <![CDATA[grace#99]]>
              </value>
            </param>
          </params>
          <reporter-output>
          </reporter-output>
        </test-method> <!-- loginTest010 -->
        <test-method signature="loginTest010(java.lang.String,java.lang.String)[pri:10, instance:testBase.Login_Page_test@306e95ec]" started-at="2025-05-09T14:03:15 IST" name="loginTest010" data-provider="UserLogin" finished-at="2025-05-09T14:03:17 IST" duration-ms="1694" status="PASS">
          <params>
            <param index="0">
              <value>
                <![CDATA[tony.stark]]>
              </value>
            </param>
            <param index="1">
              <value>
                <![CDATA[ironman1]]>
              </value>
            </param>
          </params>
          <reporter-output>
          </reporter-output>
        </test-method> <!-- loginTest010 -->
        <test-method signature="loginTest010(java.lang.String,java.lang.String)[pri:10, instance:testBase.Login_Page_test@306e95ec]" started-at="2025-05-09T14:03:17 IST" name="loginTest010" data-provider="UserLogin" finished-at="2025-05-09T14:03:18 IST" duration-ms="1682" status="PASS">
          <params>
            <param index="0">
              <value>
                <![CDATA[lisa.marie]]>
              </value>
            </param>
            <param index="1">
              <value>
                <![CDATA[lisa2023!]]>
              </value>
            </param>
          </params>
          <reporter-output>
          </reporter-output>
        </test-method> <!-- loginTest010 -->
        <test-method signature="loginTest010(java.lang.String,java.lang.String)[pri:10, instance:testBase.Login_Page_test@306e95ec]" started-at="2025-05-09T14:03:18 IST" name="loginTest010" data-provider="UserLogin" finished-at="2025-05-09T14:03:20 IST" duration-ms="1493" status="PASS">
          <params>
            <param index="0">
              <value>
                <![CDATA[patrick.s]]>
              </value>
            </param>
            <param index="1">
              <value>
                <![CDATA[pat$123]]>
              </value>
            </param>
          </params>
          <reporter-output>
          </reporter-output>
        </test-method> <!-- loginTest010 -->
        <test-method signature="loginTest010(java.lang.String,java.lang.String)[pri:10, instance:testBase.Login_Page_test@306e95ec]" started-at="2025-05-09T14:03:20 IST" name="loginTest010" data-provider="UserLogin" finished-at="2025-05-09T14:03:21 IST" duration-ms="815" status="PASS">
          <params>
            <param index="0">
              <value>
                <![CDATA[julia.roberts]]>
              </value>
            </param>
            <param index="1">
              <value>
                <![CDATA[julia99#]]>
              </value>
            </param>
          </params>
          <reporter-output>
          </reporter-output>
        </test-method> <!-- loginTest010 -->
        <test-method signature="loginTest010(java.lang.String,java.lang.String)[pri:10, instance:testBase.Login_Page_test@306e95ec]" started-at="2025-05-09T14:03:21 IST" name="loginTest010" data-provider="UserLogin" finished-at="2025-05-09T14:03:23 IST" duration-ms="2310" status="PASS">
          <params>
            <param index="0">
              <value>
                <![CDATA[kevin.hart]]>
              </value>
            </param>
            <param index="1">
              <value>
                <![CDATA[kevin$23]]>
              </value>
            </param>
          </params>
          <reporter-output>
          </reporter-output>
        </test-method> <!-- loginTest010 -->
        <test-method signature="loginTest010(java.lang.String,java.lang.String)[pri:10, instance:testBase.Login_Page_test@306e95ec]" started-at="2025-05-09T14:03:23 IST" name="loginTest010" data-provider="UserLogin" finished-at="2025-05-09T14:03:25 IST" duration-ms="2037" status="PASS">
          <params>
            <param index="0">
              <value>
                <![CDATA[mary.jane]]>
              </value>
            </param>
            <param index="1">
              <value>
                <![CDATA[maryPass1]]>
              </value>
            </param>
          </params>
          <reporter-output>
          </reporter-output>
        </test-method> <!-- loginTest010 -->
        <test-method signature="loginTest010(java.lang.String,java.lang.String)[pri:10, instance:testBase.Login_Page_test@306e95ec]" started-at="2025-05-09T14:03:25 IST" name="loginTest010" data-provider="UserLogin" finished-at="2025-05-09T14:03:29 IST" duration-ms="3473" status="PASS">
          <params>
            <param index="0">
              <value>
                <![CDATA[leo.dicaprio]]>
              </value>
            </param>
            <param index="1">
              <value>
                <![CDATA[leo2023]]>
              </value>
            </param>
          </params>
          <reporter-output>
          </reporter-output>
        </test-method> <!-- loginTest010 -->
        <test-method signature="loginTest010(java.lang.String,java.lang.String)[pri:10, instance:testBase.Login_Page_test@306e95ec]" started-at="2025-05-09T14:03:29 IST" name="loginTest010" data-provider="UserLogin" finished-at="2025-05-09T14:03:30 IST" duration-ms="1546" status="PASS">
          <params>
            <param index="0">
              <value>
                <![CDATA[nancy.w]]>
              </value>
            </param>
            <param index="1">
              <value>
                <![CDATA[nancy#789]]>
              </value>
            </param>
          </params>
          <reporter-output>
          </reporter-output>
        </test-method> <!-- loginTest010 -->
        <test-method signature="loginTest010(java.lang.String,java.lang.String)[pri:10, instance:testBase.Login_Page_test@306e95ec]" started-at="2025-05-09T14:03:30 IST" name="loginTest010" data-provider="UserLogin" finished-at="2025-05-09T14:03:32 IST" duration-ms="1830" status="PASS">
          <params>
            <param index="0">
              <value>
                <![CDATA[george.c]]>
              </value>
            </param>
            <param index="1">
              <value>
                <![CDATA[george$12]]>
              </value>
            </param>
          </params>
          <reporter-output>
          </reporter-output>
        </test-method> <!-- loginTest010 -->
        <test-method signature="loginTest010(java.lang.String,java.lang.String)[pri:10, instance:testBase.Login_Page_test@306e95ec]" started-at="2025-05-09T14:03:32 IST" name="loginTest010" data-provider="UserLogin" finished-at="2025-05-09T14:03:34 IST" duration-ms="1584" status="PASS">
          <params>
            <param index="0">
              <value>
                <![CDATA[hannah.m]]>
              </value>
            </param>
            <param index="1">
              <value>
                <![CDATA[hannah99]]>
              </value>
            </param>
          </params>
          <reporter-output>
          </reporter-output>
        </test-method> <!-- loginTest010 -->
        <test-method signature="loginTest010(java.lang.String,java.lang.String)[pri:10, instance:testBase.Login_Page_test@306e95ec]" started-at="2025-05-09T14:03:34 IST" name="loginTest010" data-provider="UserLogin" finished-at="2025-05-09T14:03:35 IST" duration-ms="1577" status="PASS">
          <params>
            <param index="0">
              <value>
                <![CDATA[brad.pitt]]>
              </value>
            </param>
            <param index="1">
              <value>
                <![CDATA[brad#2023]]>
              </value>
            </param>
          </params>
          <reporter-output>
          </reporter-output>
        </test-method> <!-- loginTest010 -->
        <test-method signature="loginTest010(java.lang.String,java.lang.String)[pri:10, instance:testBase.Login_Page_test@306e95ec]" started-at="2025-05-09T14:03:35 IST" name="loginTest010" data-provider="UserLogin" finished-at="2025-05-09T14:03:37 IST" duration-ms="2171" status="PASS">
          <params>
            <param index="0">
              <value>
                <![CDATA[clara.b]]>
              </value>
            </param>
            <param index="1">
              <value>
                <![CDATA[claraPass$]]>
              </value>
            </param>
          </params>
          <reporter-output>
          </reporter-output>
        </test-method> <!-- loginTest010 -->
        <test-method signature="loginTest010(java.lang.String,java.lang.String)[pri:10, instance:testBase.Login_Page_test@306e95ec]" started-at="2025-05-09T14:03:37 IST" name="loginTest010" data-provider="UserLogin" finished-at="2025-05-09T14:03:40 IST" duration-ms="2789" status="PASS">
          <params>
            <param index="0">
              <value>
                <![CDATA[ethan.hunt]]>
              </value>
            </param>
            <param index="1">
              <value>
                <![CDATA[mission1]]>
              </value>
            </param>
          </params>
          <reporter-output>
          </reporter-output>
        </test-method> <!-- loginTest010 -->
        <test-method signature="loginTest010(java.lang.String,java.lang.String)[pri:10, instance:testBase.Login_Page_test@306e95ec]" started-at="2025-05-09T14:03:40 IST" name="loginTest010" data-provider="UserLogin" finished-at="2025-05-09T14:03:44 IST" duration-ms="3830" status="PASS">
          <params>
            <param index="0">
              <value>
                <![CDATA[zoe.saldana]]>
              </value>
            </param>
            <param index="1">
              <value>
                <![CDATA[zoe2023!]]>
              </value>
            </param>
          </params>
          <reporter-output>
          </reporter-output>
        </test-method> <!-- loginTest010 -->
        <test-method signature="loginTest010(java.lang.String,java.lang.String)[pri:10, instance:testBase.Login_Page_test@306e95ec]" started-at="2025-05-09T14:03:44 IST" name="loginTest010" data-provider="UserLogin" finished-at="2025-05-09T14:03:53 IST" duration-ms="8615" status="PASS">
          <params>
            <param index="0">
              <value>
                <![CDATA[victor.k]]>
              </value>
            </param>
            <param index="1">
              <value>
                <![CDATA[vic$456]]>
              </value>
            </param>
          </params>
          <reporter-output>
          </reporter-output>
        </test-method> <!-- loginTest010 -->
        <test-method signature="loginTest010(java.lang.String,java.lang.String)[pri:10, instance:testBase.Login_Page_test@306e95ec]" started-at="2025-05-09T14:03:53 IST" name="loginTest010" data-provider="UserLogin" finished-at="2025-05-09T14:03:54 IST" duration-ms="1687" status="PASS">
          <params>
            <param index="0">
              <value>
                <![CDATA[mia.wallace]]>
              </value>
            </param>
            <param index="1">
              <value>
                <![CDATA[mia#123]]>
              </value>
            </param>
          </params>
          <reporter-output>
          </reporter-output>
        </test-method> <!-- loginTest010 -->
        <test-method signature="loginTest010(java.lang.String,java.lang.String)[pri:10, instance:testBase.Login_Page_test@306e95ec]" started-at="2025-05-09T14:03:54 IST" name="loginTest010" data-provider="UserLogin" finished-at="2025-05-09T14:03:58 IST" duration-ms="3368" status="PASS">
          <params>
            <param index="0">
              <value>
                <![CDATA[oscar.w]]>
              </value>
            </param>
            <param index="1">
              <value>
                <![CDATA[oscar99$]]>
              </value>
            </param>
          </params>
          <reporter-output>
          </reporter-output>
        </test-method> <!-- loginTest010 -->
        <test-method signature="loginTest010(java.lang.String,java.lang.String)[pri:10, instance:testBase.Login_Page_test@306e95ec]" started-at="2025-05-09T14:03:58 IST" name="loginTest010" data-provider="UserLogin" finished-at="2025-05-09T14:04:05 IST" duration-ms="7064" status="PASS">
          <params>
            <param index="0">
              <value>
                <![CDATA[luke.sky]]>
              </value>
            </param>
            <param index="1">
              <value>
                <![CDATA[force2023]]>
              </value>
            </param>
          </params>
          <reporter-output>
          </reporter-output>
        </test-method> <!-- loginTest010 -->
        <test-method signature="loginTest010(java.lang.String,java.lang.String)[pri:10, instance:testBase.Login_Page_test@306e95ec]" started-at="2025-05-09T14:04:05 IST" name="loginTest010" data-provider="UserLogin" finished-at="2025-05-09T14:04:06 IST" duration-ms="1628" status="PASS">
          <params>
            <param index="0">
              <value>
                <![CDATA[ella.fitz]]>
              </value>
            </param>
            <param index="1">
              <value>
                <![CDATA[ellaPass]]>
              </value>
            </param>
          </params>
          <reporter-output>
          </reporter-output>
        </test-method> <!-- loginTest010 -->
        <test-method signature="loginTest010(java.lang.String,java.lang.String)[pri:10, instance:testBase.Login_Page_test@306e95ec]" started-at="2025-05-09T14:04:06 IST" name="loginTest010" data-provider="UserLogin" finished-at="2025-05-09T14:04:08 IST" duration-ms="1660" status="PASS">
          <params>
            <param index="0">
              <value>
                <![CDATA[ian.malcolm]]>
              </value>
            </param>
            <param index="1">
              <value>
                <![CDATA[ian#789]]>
              </value>
            </param>
          </params>
          <reporter-output>
          </reporter-output>
        </test-method> <!-- loginTest010 -->
        <test-method signature="loginTest010(java.lang.String,java.lang.String)[pri:10, instance:testBase.Login_Page_test@306e95ec]" started-at="2025-05-09T14:04:08 IST" name="loginTest010" data-provider="UserLogin" finished-at="2025-05-09T14:04:10 IST" duration-ms="1828" status="PASS">
          <params>
            <param index="0">
              <value>
                <![CDATA[tina.fey]]>
              </value>
            </param>
            <param index="1">
              <value>
                <![CDATA[tina$123]]>
              </value>
            </param>
          </params>
          <reporter-output>
          </reporter-output>
        </test-method> <!-- loginTest010 -->
        <test-method signature="loginTest010(java.lang.String,java.lang.String)[pri:10, instance:testBase.Login_Page_test@306e95ec]" started-at="2025-05-09T14:04:10 IST" name="loginTest010" data-provider="UserLogin" finished-at="2025-05-09T14:04:12 IST" duration-ms="1664" status="PASS">
          <params>
            <param index="0">
              <value>
                <![CDATA[harry.p]]>
              </value>
            </param>
            <param index="1">
              <value>
                <![CDATA[potter99]]>
              </value>
            </param>
          </params>
          <reporter-output>
          </reporter-output>
        </test-method> <!-- loginTest010 -->
        <test-method signature="loginTest010(java.lang.String,java.lang.String)[pri:10, instance:testBase.Login_Page_test@306e95ec]" started-at="2025-05-09T14:04:12 IST" name="loginTest010" data-provider="UserLogin" finished-at="2025-05-09T14:04:15 IST" duration-ms="3333" status="PASS">
          <params>
            <param index="0">
              <value>
                <![CDATA[diana.prince]]>
              </value>
            </param>
            <param index="1">
              <value>
                <![CDATA[wonder2023]]>
              </value>
            </param>
          </params>
          <reporter-output>
          </reporter-output>
        </test-method> <!-- loginTest010 -->
        <test-method signature="loginTest010(java.lang.String,java.lang.String)[pri:10, instance:testBase.Login_Page_test@306e95ec]" started-at="2025-05-09T14:04:15 IST" name="loginTest010" data-provider="UserLogin" finished-at="2025-05-09T14:04:17 IST" duration-ms="2048" status="FAIL">
          <params>
            <param index="0">
              <value>
                <![CDATA[Admin]]>
              </value>
            </param>
            <param index="1">
              <value>
                <![CDATA[admin123]]>
              </value>
            </param>
          </params>
          <exception class="java.lang.AssertionError">
            <message>
              <![CDATA[expected [https://opensource-demo.orangehrmlive.com/web/index.php/auth/login] but found [https://opensource-demo.orangehrmlive.com/web/index.php/dashboard/index]]]>
            </message>
            <full-stacktrace>
              <![CDATA[java.lang.AssertionError: expected [https://opensource-demo.orangehrmlive.com/web/index.php/auth/login] but found [https://opensource-demo.orangehrmlive.com/web/index.php/dashboard/index]
at org.testng.Assert.fail(Assert.java:111)
at org.testng.Assert.failNotEquals(Assert.java:1578)
at org.testng.Assert.assertEqualsImpl(Assert.java:150)
at org.testng.Assert.assertEquals(Assert.java:132)
at org.testng.Assert.assertEquals(Assert.java:656)
at org.testng.Assert.assertEquals(Assert.java:666)
at testBase.Login_Page_test.loginTest010(Login_Page_test.java:80)
at java.base/jdk.internal.reflect.DirectMethodHandleAccessor.invoke(DirectMethodHandleAccessor.java:103)
at java.base/java.lang.reflect.Method.invoke(Method.java:580)
at org.testng.internal.invokers.MethodInvocationHelper.invokeMethod(MethodInvocationHelper.java:139)
at org.testng.internal.invokers.TestInvoker.invokeMethod(TestInvoker.java:664)
at org.testng.internal.invokers.TestInvoker.invokeTestMethod(TestInvoker.java:228)
at org.testng.internal.invokers.MethodRunner.runInSequence(MethodRunner.java:63)
at org.testng.internal.invokers.TestInvoker$MethodInvocationAgent.invoke(TestInvoker.java:961)
at org.testng.internal.invokers.TestInvoker.invokeTestMethods(TestInvoker.java:201)
at org.testng.internal.invokers.TestMethodWorker.invokeTestMethods(TestMethodWorker.java:148)
at org.testng.internal.invokers.TestMethodWorker.run(TestMethodWorker.java:128)
at java.base/java.util.ArrayList.forEach(ArrayList.java:1597)
at org.testng.TestRunner.privateRun(TestRunner.java:819)
at org.testng.TestRunner.run(TestRunner.java:619)
at org.testng.SuiteRunner.runTest(SuiteRunner.java:443)
at org.testng.SuiteRunner.runSequentially(SuiteRunner.java:437)
at org.testng.SuiteRunner.privateRun(SuiteRunner.java:397)
at org.testng.SuiteRunner.run(SuiteRunner.java:336)
at org.testng.SuiteRunnerWorker.runSuite(SuiteRunnerWorker.java:52)
at org.testng.SuiteRunnerWorker.run(SuiteRunnerWorker.java:95)
at org.testng.TestNG.runSuitesSequentially(TestNG.java:1301)
at org.testng.TestNG.runSuitesLocally(TestNG.java:1228)
at org.testng.TestNG.runSuites(TestNG.java:1134)
at org.testng.TestNG.run(TestNG.java:1101)
at org.testng.remote.AbstractRemoteTestNG.run(AbstractRemoteTestNG.java:115)
at org.testng.remote.RemoteTestNG.initAndRun(RemoteTestNG.java:293)
at org.testng.remote.RemoteTestNG.main(RemoteTestNG.java:91)
]]>
            </full-stacktrace>
          </exception> <!-- java.lang.AssertionError -->
          <reporter-output>
          </reporter-output>
        </test-method> <!-- loginTest010 -->
        <test-method signature="notCredentialUserNameAndPassword(java.lang.String,java.lang.String)[pri:12, instance:testBase.Login_Page_test@306e95ec]" started-at="2025-05-09T14:04:17 IST" name="notCredentialUserNameAndPassword" data-provider="New Employee" finished-at="2025-05-09T14:04:32 IST" duration-ms="15077" status="FAIL">
          <params>
            <param index="0">
              <value>
                <![CDATA[Karthik]]>
              </value>
            </param>
            <param index="1">
              <value>
                <![CDATA[B]]>
              </value>
            </param>
          </params>
          <exception class="org.openqa.selenium.NoSuchElementException">
            <message>
              <![CDATA[no such element: Unable to locate element: {"method":"css selector","selector":"*[name='username']"}
  (Session info: chrome=135.0.7049.117)
For documentation on this error, please visit: https://www.selenium.dev/documentation/webdriver/troubleshooting/errors#no-such-element-exception
Build info: version: '4.22.0', revision: 'c5f3146703*'
System info: os.name: 'Windows 10', os.arch: 'amd64', os.version: '10.0', java.version: '23.0.1'
Driver info: org.openqa.selenium.chrome.ChromeDriver
Command: [be47d5ed5a8d9aebf31bc49f4eb059fd, findElement {using=name, value=username}]
Capabilities {acceptInsecureCerts: false, browserName: chrome, browserVersion: 135.0.7049.117, chrome: {chromedriverVersion: 135.0.7049.114 (63fd8a7d9d0..., userDataDir: C:\Users\xmedia\AppData\Loc...}, fedcm:accounts: true, goog:chromeOptions: {debuggerAddress: localhost:49787}, networkConnectionEnabled: false, pageLoadStrategy: normal, platformName: windows, proxy: Proxy(), se:cdp: ws://localhost:49787/devtoo..., se:cdpVersion: 135.0.7049.117, setWindowRect: true, strictFileInteractability: false, timeouts: {implicit: 0, pageLoad: 300000, script: 30000}, unhandledPromptBehavior: dismiss and notify, webauthn:extension:credBlob: true, webauthn:extension:largeBlob: true, webauthn:extension:minPinLength: true, webauthn:extension:prf: true, webauthn:virtualAuthenticators: true}
Session ID: be47d5ed5a8d9aebf31bc49f4eb059fd]]>
            </message>
            <full-stacktrace>
              <![CDATA[org.openqa.selenium.NoSuchElementException: no such element: Unable to locate element: {"method":"css selector","selector":"*[name='username']"}
  (Session info: chrome=135.0.7049.117)
For documentation on this error, please visit: https://www.selenium.dev/documentation/webdriver/troubleshooting/errors#no-such-element-exception
Build info: version: '4.22.0', revision: 'c5f3146703*'
System info: os.name: 'Windows 10', os.arch: 'amd64', os.version: '10.0', java.version: '23.0.1'
Driver info: org.openqa.selenium.chrome.ChromeDriver
Command: [be47d5ed5a8d9aebf31bc49f4eb059fd, findElement {using=name, value=username}]
Capabilities {acceptInsecureCerts: false, browserName: chrome, browserVersion: 135.0.7049.117, chrome: {chromedriverVersion: 135.0.7049.114 (63fd8a7d9d0..., userDataDir: C:\Users\xmedia\AppData\Loc...}, fedcm:accounts: true, goog:chromeOptions: {debuggerAddress: localhost:49787}, networkConnectionEnabled: false, pageLoadStrategy: normal, platformName: windows, proxy: Proxy(), se:cdp: ws://localhost:49787/devtoo..., se:cdpVersion: 135.0.7049.117, setWindowRect: true, strictFileInteractability: false, timeouts: {implicit: 0, pageLoad: 300000, script: 30000}, unhandledPromptBehavior: dismiss and notify, webauthn:extension:credBlob: true, webauthn:extension:largeBlob: true, webauthn:extension:minPinLength: true, webauthn:extension:prf: true, webauthn:virtualAuthenticators: true}
Session ID: be47d5ed5a8d9aebf31bc49f4eb059fd
at java.base/jdk.internal.reflect.DirectConstructorHandleAccessor.newInstance(DirectConstructorHandleAccessor.java:62)
at java.base/java.lang.reflect.Constructor.newInstanceWithCaller(Constructor.java:501)
at java.base/java.lang.reflect.Constructor.newInstance(Constructor.java:485)
at org.openqa.selenium.remote.ErrorCodec.decode(ErrorCodec.java:167)
at org.openqa.selenium.remote.codec.w3c.W3CHttpResponseCodec.decode(W3CHttpResponseCodec.java:138)
at org.openqa.selenium.remote.codec.w3c.W3CHttpResponseCodec.decode(W3CHttpResponseCodec.java:50)
at org.openqa.selenium.remote.HttpCommandExecutor.execute(HttpCommandExecutor.java:190)
at org.openqa.selenium.remote.service.DriverCommandExecutor.invokeExecute(DriverCommandExecutor.java:216)
at org.openqa.selenium.remote.service.DriverCommandExecutor.execute(DriverCommandExecutor.java:174)
at org.openqa.selenium.remote.RemoteWebDriver.execute(RemoteWebDriver.java:518)
at org.openqa.selenium.remote.ElementLocation$ElementFinder$2.findElement(ElementLocation.java:165)
at org.openqa.selenium.remote.ElementLocation.findElement(ElementLocation.java:59)
at org.openqa.selenium.remote.RemoteWebDriver.findElement(RemoteWebDriver.java:355)
at org.openqa.selenium.remote.RemoteWebDriver.findElement(RemoteWebDriver.java:349)
at pageObjectClass.OrangeHRMLoginPage.login(OrangeHRMLoginPage.java:34)
at testBase.Login_Page_test.notCredentialUserNameAndPassword(Login_Page_test.java:86)
at java.base/jdk.internal.reflect.DirectMethodHandleAccessor.invoke(DirectMethodHandleAccessor.java:103)
at java.base/java.lang.reflect.Method.invoke(Method.java:580)
at org.testng.internal.invokers.MethodInvocationHelper.invokeMethod(MethodInvocationHelper.java:139)
at org.testng.internal.invokers.TestInvoker.invokeMethod(TestInvoker.java:664)
at org.testng.internal.invokers.TestInvoker.invokeTestMethod(TestInvoker.java:228)
at org.testng.internal.invokers.MethodRunner.runInSequence(MethodRunner.java:63)
at org.testng.internal.invokers.TestInvoker$MethodInvocationAgent.invoke(TestInvoker.java:961)
at org.testng.internal.invokers.TestInvoker.invokeTestMethods(TestInvoker.java:201)
at org.testng.internal.invokers.TestMethodWorker.invokeTestMethods(TestMethodWorker.java:148)
at org.testng.internal.invokers.TestMethodWorker.run(TestMethodWorker.java:128)
at java.base/java.util.ArrayList.forEach(ArrayList.java:1597)
at org.testng.TestRunner.privateRun(TestRunner.java:819)
at org.testng.TestRunner.run(TestRunner.java:619)
at org.testng.SuiteRunner.runTest(SuiteRunner.java:443)
at org.testng.SuiteRunner.runSequentially(SuiteRunner.java:437)
at org.testng.SuiteRunner.privateRun(SuiteRunner.java:397)
at org.testng.SuiteRunner.run(SuiteRunner.java:336)
at org.testng.SuiteRunnerWorker.runSuite(SuiteRunnerWorker.java:52)
at org.testng.SuiteRunnerWorker.run(SuiteRunnerWorker.java:95)
at org.testng.TestNG.runSuitesSequentially(TestNG.java:1301)
at org.testng.TestNG.runSuitesLocally(TestNG.java:1228)
at org.testng.TestNG.runSuites(TestNG.java:1134)
at org.testng.TestNG.run(TestNG.java:1101)
at org.testng.remote.AbstractRemoteTestNG.run(AbstractRemoteTestNG.java:115)
at org.testng.remote.RemoteTestNG.initAndRun(RemoteTestNG.java:293)
at org.testng.remote.RemoteTestNG.main(RemoteTestNG.java:91)
]]>
            </full-stacktrace>
          </exception> <!-- org.openqa.selenium.NoSuchElementException -->
          <reporter-output>
          </reporter-output>
        </test-method> <!-- notCredentialUserNameAndPassword -->
        <test-method signature="CredentialUserNameAndPassword()[pri:13, instance:testBase.Login_Page_test@306e95ec]" started-at="2025-05-09T14:04:32 IST" name="CredentialUserNameAndPassword" finished-at="2025-05-09T14:04:47 IST" duration-ms="15087" status="FAIL">
          <exception class="org.openqa.selenium.NoSuchElementException">
            <message>
              <![CDATA[no such element: Unable to locate element: {"method":"css selector","selector":"*[name='username']"}
  (Session info: chrome=135.0.7049.117)
For documentation on this error, please visit: https://www.selenium.dev/documentation/webdriver/troubleshooting/errors#no-such-element-exception
Build info: version: '4.22.0', revision: 'c5f3146703*'
System info: os.name: 'Windows 10', os.arch: 'amd64', os.version: '10.0', java.version: '23.0.1'
Driver info: org.openqa.selenium.chrome.ChromeDriver
Command: [be47d5ed5a8d9aebf31bc49f4eb059fd, findElement {using=name, value=username}]
Capabilities {acceptInsecureCerts: false, browserName: chrome, browserVersion: 135.0.7049.117, chrome: {chromedriverVersion: 135.0.7049.114 (63fd8a7d9d0..., userDataDir: C:\Users\xmedia\AppData\Loc...}, fedcm:accounts: true, goog:chromeOptions: {debuggerAddress: localhost:49787}, networkConnectionEnabled: false, pageLoadStrategy: normal, platformName: windows, proxy: Proxy(), se:cdp: ws://localhost:49787/devtoo..., se:cdpVersion: 135.0.7049.117, setWindowRect: true, strictFileInteractability: false, timeouts: {implicit: 0, pageLoad: 300000, script: 30000}, unhandledPromptBehavior: dismiss and notify, webauthn:extension:credBlob: true, webauthn:extension:largeBlob: true, webauthn:extension:minPinLength: true, webauthn:extension:prf: true, webauthn:virtualAuthenticators: true}
Session ID: be47d5ed5a8d9aebf31bc49f4eb059fd]]>
            </message>
            <full-stacktrace>
              <![CDATA[org.openqa.selenium.NoSuchElementException: no such element: Unable to locate element: {"method":"css selector","selector":"*[name='username']"}
  (Session info: chrome=135.0.7049.117)
For documentation on this error, please visit: https://www.selenium.dev/documentation/webdriver/troubleshooting/errors#no-such-element-exception
Build info: version: '4.22.0', revision: 'c5f3146703*'
System info: os.name: 'Windows 10', os.arch: 'amd64', os.version: '10.0', java.version: '23.0.1'
Driver info: org.openqa.selenium.chrome.ChromeDriver
Command: [be47d5ed5a8d9aebf31bc49f4eb059fd, findElement {using=name, value=username}]
Capabilities {acceptInsecureCerts: false, browserName: chrome, browserVersion: 135.0.7049.117, chrome: {chromedriverVersion: 135.0.7049.114 (63fd8a7d9d0..., userDataDir: C:\Users\xmedia\AppData\Loc...}, fedcm:accounts: true, goog:chromeOptions: {debuggerAddress: localhost:49787}, networkConnectionEnabled: false, pageLoadStrategy: normal, platformName: windows, proxy: Proxy(), se:cdp: ws://localhost:49787/devtoo..., se:cdpVersion: 135.0.7049.117, setWindowRect: true, strictFileInteractability: false, timeouts: {implicit: 0, pageLoad: 300000, script: 30000}, unhandledPromptBehavior: dismiss and notify, webauthn:extension:credBlob: true, webauthn:extension:largeBlob: true, webauthn:extension:minPinLength: true, webauthn:extension:prf: true, webauthn:virtualAuthenticators: true}
Session ID: be47d5ed5a8d9aebf31bc49f4eb059fd
at java.base/jdk.internal.reflect.DirectConstructorHandleAccessor.newInstance(DirectConstructorHandleAccessor.java:62)
at java.base/java.lang.reflect.Constructor.newInstanceWithCaller(Constructor.java:501)
at java.base/java.lang.reflect.Constructor.newInstance(Constructor.java:485)
at org.openqa.selenium.remote.ErrorCodec.decode(ErrorCodec.java:167)
at org.openqa.selenium.remote.codec.w3c.W3CHttpResponseCodec.decode(W3CHttpResponseCodec.java:138)
at org.openqa.selenium.remote.codec.w3c.W3CHttpResponseCodec.decode(W3CHttpResponseCodec.java:50)
at org.openqa.selenium.remote.HttpCommandExecutor.execute(HttpCommandExecutor.java:190)
at org.openqa.selenium.remote.service.DriverCommandExecutor.invokeExecute(DriverCommandExecutor.java:216)
at org.openqa.selenium.remote.service.DriverCommandExecutor.execute(DriverCommandExecutor.java:174)
at org.openqa.selenium.remote.RemoteWebDriver.execute(RemoteWebDriver.java:518)
at org.openqa.selenium.remote.ElementLocation$ElementFinder$2.findElement(ElementLocation.java:165)
at org.openqa.selenium.remote.ElementLocation.findElement(ElementLocation.java:59)
at org.openqa.selenium.remote.RemoteWebDriver.findElement(RemoteWebDriver.java:355)
at org.openqa.selenium.remote.RemoteWebDriver.findElement(RemoteWebDriver.java:349)
at pageObjectClass.OrangeHRMLoginPage.login(OrangeHRMLoginPage.java:34)
at testBase.Login_Page_test.CredentialUserNameAndPassword(Login_Page_test.java:94)
at java.base/jdk.internal.reflect.DirectMethodHandleAccessor.invoke(DirectMethodHandleAccessor.java:103)
at java.base/java.lang.reflect.Method.invoke(Method.java:580)
at org.testng.internal.invokers.MethodInvocationHelper.invokeMethod(MethodInvocationHelper.java:139)
at org.testng.internal.invokers.TestInvoker.invokeMethod(TestInvoker.java:664)
at org.testng.internal.invokers.TestInvoker.invokeTestMethod(TestInvoker.java:228)
at org.testng.internal.invokers.MethodRunner.runInSequence(MethodRunner.java:63)
at org.testng.internal.invokers.TestInvoker$MethodInvocationAgent.invoke(TestInvoker.java:961)
at org.testng.internal.invokers.TestInvoker.invokeTestMethods(TestInvoker.java:201)
at org.testng.internal.invokers.TestMethodWorker.invokeTestMethods(TestMethodWorker.java:148)
at org.testng.internal.invokers.TestMethodWorker.run(TestMethodWorker.java:128)
at java.base/java.util.ArrayList.forEach(ArrayList.java:1597)
at org.testng.TestRunner.privateRun(TestRunner.java:819)
at org.testng.TestRunner.run(TestRunner.java:619)
at org.testng.SuiteRunner.runTest(SuiteRunner.java:443)
at org.testng.SuiteRunner.runSequentially(SuiteRunner.java:437)
at org.testng.SuiteRunner.privateRun(SuiteRunner.java:397)
at org.testng.SuiteRunner.run(SuiteRunner.java:336)
at org.testng.SuiteRunnerWorker.runSuite(SuiteRunnerWorker.java:52)
at org.testng.SuiteRunnerWorker.run(SuiteRunnerWorker.java:95)
at org.testng.TestNG.runSuitesSequentially(TestNG.java:1301)
at org.testng.TestNG.runSuitesLocally(TestNG.java:1228)
at org.testng.TestNG.runSuites(TestNG.java:1134)
at org.testng.TestNG.run(TestNG.java:1101)
at org.testng.remote.AbstractRemoteTestNG.run(AbstractRemoteTestNG.java:115)
at org.testng.remote.RemoteTestNG.initAndRun(RemoteTestNG.java:293)
at org.testng.remote.RemoteTestNG.main(RemoteTestNG.java:91)
]]>
            </full-stacktrace>
          </exception> <!-- org.openqa.selenium.NoSuchElementException -->
          <reporter-output>
          </reporter-output>
        </test-method> <!-- CredentialUserNameAndPassword -->
      </class> <!-- testBase.Login_Page_test -->
    </test> <!-- Default test -->
  </suite> <!-- Default suite -->
</testng-results>
